<?xml version="1.0" encoding="UTF-8"?>
<robot generator="Robot 7.1.1 (Python 3.13.1 on win32)" generated="2025-06-18T15:45:23.165627" rpa="false" schemaversion="5">
<suite id="s1" name="Test" source="C:\CityFurnitureV1\Sprint1\CatalogDesignDemo\Catalog\ItemFeed\TC001_BundleItemCreation\Test">
<suite id="s1-s1" name="TC001" source="C:\CityFurnitureV1\Sprint1\CatalogDesignDemo\Catalog\ItemFeed\TC001_BundleItemCreation\Test\TC001.robot">
<test id="s1-s1-t1" name="Create Regular Item" line="9">
<kw name="Log To Console" owner="BuiltIn">
<arg>curDir:${CUR_DIR}</arg>
<doc>Logs the given message to the console.</doc>
<status status="PASS" start="2025-06-18T15:45:24.430004" elapsed="0.000548"/>
</kw>
<kw name="Check folders" owner="keywords">
<kw name="Log To Console" owner="BuiltIn">
<arg>curdir in check folders:${CUR_DIR}</arg>
<doc>Logs the given message to the console.</doc>
<status status="PASS" start="2025-06-18T15:45:24.431834" elapsed="0.000447"/>
</kw>
<kw name="Process Suite" owner="generateRandomNumberAndReplaceAllXMLS">
<msg time="2025-06-18T15:45:24.433192" level="INFO">${subfolders} = TC001.robot</msg>
<var>${subfolders}</var>
<arg>${CUR_DIR}</arg>
<doc>Process only test cases that contain 'input' and 'setup' directories.</doc>
<status status="PASS" start="2025-06-18T15:45:24.432585" elapsed="0.000665"/>
</kw>
<return>
<value>${subfolders}</value>
<status status="PASS" start="2025-06-18T15:45:24.433360" elapsed="0.000091"/>
</return>
<msg time="2025-06-18T15:45:24.433677" level="INFO">${subfolders} = TC001.robot</msg>
<var>${subfolders}</var>
<arg>${CUR_DIR}</arg>
<status status="PASS" start="2025-06-18T15:45:24.431177" elapsed="0.002541"/>
</kw>
<kw name="Log To Console" owner="BuiltIn">
<arg>subfolders:${subfolders}</arg>
<doc>Logs the given message to the console.</doc>
<status status="PASS" start="2025-06-18T15:45:24.434186" elapsed="0.000382"/>
</kw>
<kw name="List Directories In Directory" owner="OperatingSystem">
<msg time="2025-06-18T15:45:24.435155" level="INFO" html="true">Listing contents of directory '&lt;a href="file://C:\CityFurnitureV1\Sprint1\CatalogDesignDemo\Catalog\ItemFeed\TC001_BundleItemCreation\Test"&gt;C:\CityFurnitureV1\Sprint1\CatalogDesignDemo\Catalog\ItemFeed\TC001_BundleItemCreation\Test&lt;/a&gt;'.</msg>
<msg time="2025-06-18T15:45:24.435538" level="INFO">0 directories:
</msg>
<msg time="2025-06-18T15:45:24.435676" level="INFO">${folders} = []</msg>
<var>${folders}</var>
<arg>${CUR_DIR}</arg>
<doc>Wrapper for `List Directory` that returns only directories.</doc>
<status status="PASS" start="2025-06-18T15:45:24.434917" elapsed="0.000796"/>
</kw>
<kw name="Set Variable" owner="BuiltIn">
<msg time="2025-06-18T15:45:24.436327" level="INFO">${index} = 0</msg>
<var>${index}</var>
<arg>0</arg>
<doc>Returns the given values which can then be assigned to a variables.</doc>
<status status="PASS" start="2025-06-18T15:45:24.436068" elapsed="0.000297"/>
</kw>
<kw name="Log To Console" owner="BuiltIn">
<arg>beforeForLoop:${index}</arg>
<doc>Logs the given message to the console.</doc>
<status status="PASS" start="2025-06-18T15:45:24.436808" elapsed="0.000431"/>
</kw>
<for flavor="IN">
<iter>
<kw name="Process All JSON Files" owner="keywords">
<arg>${CUR_DIR}</arg>
<arg>${folder}</arg>
<arg>${index}</arg>
<status status="NOT RUN" start="2025-06-18T15:45:24.438685" elapsed="0.000090"/>
</kw>
<var name="${folder}"/>
<status status="NOT RUN" start="2025-06-18T15:45:24.438184" elapsed="0.000711"/>
</iter>
<var>${folder}</var>
<value>@{folders}</value>
<status status="NOT RUN" start="2025-06-18T15:45:24.437788" elapsed="0.001221"/>
</for>
<doc>This test case validates the Create Regular Item</doc>
<tag>Catalog</tag>
<tag>REGRESSION</tag>
<status status="PASS" start="2025-06-18T15:45:24.427286" elapsed="0.012248"/>
</test>
<status status="PASS" start="2025-06-18T15:45:23.209120" elapsed="1.231397"/>
</suite>
<status status="PASS" start="2025-06-18T15:45:23.167678" elapsed="1.274250"/>
</suite>
<statistics>
<total>
<stat pass="1" fail="0" skip="0">All Tests</stat>
</total>
<tag>
<stat pass="1" fail="0" skip="0">Catalog</stat>
<stat pass="1" fail="0" skip="0">REGRESSION</stat>
</tag>
<suite>
<stat pass="1" fail="0" skip="0" id="s1" name="Test">Test</stat>
<stat pass="1" fail="0" skip="0" id="s1-s1" name="TC001">Test.TC001</stat>
</suite>
</statistics>
<errors>
<msg time="2025-06-18T15:45:23.322435" level="WARN">Imported library 'C:\CityFurnitureV1\Library\Scripts\env_variables.py' contains no keywords.</msg>
</errors>
</robot>
