<?xml version="1.0" encoding="UTF-8"?>
<robot generator="Robot 7.1.1 (Python 3.13.1 on win32)" generated="2025-08-18T16:28:25.207304" rpa="false" schemaversion="5">
<suite id="s1" name="TC001 RegularItemCreation" source="C:\automation\AllProjects\city-tech-engineering-qa-automation-690065fb73e1\SprintNew1\DesignDemo\Catalog\ItemFeed\TC001_RegularItemCreation">
<suite id="s1-s1" name="TC001" source="C:\automation\AllProjects\city-tech-engineering-qa-automation-690065fb73e1\SprintNew1\DesignDemo\Catalog\ItemFeed\TC001_RegularItemCreation\TC001.robot">
<test id="s1-s1-t1" name="Create Regular Item" line="9">
<kw name="Log To Console" owner="BuiltIn">
<arg>curDir:${CUR_DIR}</arg>
<doc>Logs the given message to the console.</doc>
<status status="PASS" start="2025-08-18T16:28:26.099291" elapsed="0.000307"/>
</kw>
<kw name="Check folders" owner="keywords">
<kw name="Log To Console" owner="BuiltIn">
<arg>curdir in check folders:${CUR_DIR}</arg>
<doc>Logs the given message to the console.</doc>
<status status="PASS" start="2025-08-18T16:28:26.100116" elapsed="0.000232"/>
</kw>
<kw name="Process Suite" owner="generateRandomNumberAndReplaceAllXMLS">
<msg time="2025-08-18T16:28:26.185322" level="INFO">Processing C:\automation\AllProjects\city-tech-engineering-qa-automation-690065fb73e1\SprintNew1\DesignDemo\Catalog\ItemFeed\TC001_RegularItemCreation\Data with Random ID: 6985646</msg>
<msg time="2025-08-18T16:28:26.185484" level="INFO">${subfolders} = TC001.robot</msg>
<var>${subfolders}</var>
<arg>${CUR_DIR}</arg>
<doc>Process only test cases that contain 'input' and 'setup' directories.</doc>
<status status="PASS" start="2025-08-18T16:28:26.100447" elapsed="0.085322"/>
</kw>
<return>
<value>${subfolders}</value>
<status status="PASS" start="2025-08-18T16:28:26.185874" elapsed="0.001119"/>
</return>
<msg time="2025-08-18T16:28:26.187178" level="INFO">${subfolders} = TC001.robot</msg>
<var>${subfolders}</var>
<arg>${CUR_DIR}</arg>
<status status="PASS" start="2025-08-18T16:28:26.099880" elapsed="0.087609"/>
</kw>
<kw name="Log To Console" owner="BuiltIn">
<arg>subfolders:${subfolders}</arg>
<doc>Logs the given message to the console.</doc>
<status status="PASS" start="2025-08-18T16:28:26.187866" elapsed="0.000351"/>
</kw>
<kw name="List Directories In Directory" owner="OperatingSystem">
<msg time="2025-08-18T16:28:26.189803" level="INFO" html="true">Listing contents of directory '&lt;a href="file://C:\automation\AllProjects\city-tech-engineering-qa-automation-690065fb73e1\SprintNew1\DesignDemo\Catalog\ItemFeed\TC001_RegularItemCreation"&gt;C:\automation\AllProjects\city-tech-engineering-qa-automation-690065fb73e1\SprintNew1\DesignDemo\Catalog\ItemFeed\TC001_RegularItemCreation&lt;/a&gt;'.</msg>
<msg time="2025-08-18T16:28:26.190303" level="INFO">1 directory:
Data</msg>
<msg time="2025-08-18T16:28:26.190457" level="INFO">${folders} = ['Data']</msg>
<var>${folders}</var>
<arg>${CUR_DIR}</arg>
<doc>Wrapper for `List Directory` that returns only directories.</doc>
<status status="PASS" start="2025-08-18T16:28:26.188568" elapsed="0.001925"/>
</kw>
<kw name="Set Variable" owner="BuiltIn">
<msg time="2025-08-18T16:28:26.191151" level="INFO">${index} = 0</msg>
<var>${index}</var>
<arg>0</arg>
<doc>Returns the given values which can then be assigned to a variables.</doc>
<status status="PASS" start="2025-08-18T16:28:26.190949" elapsed="0.000232"/>
</kw>
<kw name="Log To Console" owner="BuiltIn">
<arg>beforeForLoop:${index}</arg>
<doc>Logs the given message to the console.</doc>
<status status="PASS" start="2025-08-18T16:28:26.191810" elapsed="0.000339"/>
</kw>
<for flavor="IN">
<iter>
<kw name="Process All JSON Files" owner="keywords">
<kw name="Set Variable" owner="BuiltIn">
<msg time="2025-08-18T16:28:26.193199" level="INFO">${json_path} = C:\automation\AllProjects\city-tech-engineering-qa-automation-690065fb73e1\SprintNew1\DesignDemo\Catalog\ItemFeed\TC001_RegularItemCreation/Data/updated_files.json</msg>
<var>${json_path}</var>
<arg>${SUITE_PATH}/Data/updated_files.json</arg>
<doc>Returns the given values which can then be assigned to a variables.</doc>
<status status="PASS" start="2025-08-18T16:28:26.193074" elapsed="0.000145"/>
</kw>
<kw name="Get File" owner="OperatingSystem">
<msg time="2025-08-18T16:28:26.193412" level="INFO" html="true">Getting file '&lt;a href="file://C:\automation\AllProjects\city-tech-engineering-qa-automation-690065fb73e1\SprintNew1\DesignDemo\Catalog\ItemFeed\TC001_RegularItemCreation\Data\updated_files.json"&gt;C:\automation\AllProjects\city-tech-engineering-qa-automation-690065fb73e1\SprintNew1\DesignDemo\Catalog\ItemFeed\TC001_RegularItemCreation\Data\updated_files.json&lt;/a&gt;'.</msg>
<msg time="2025-08-18T16:28:26.213438" level="INFO">${json_string} = {
    "Data": [
        "C:\\automation\\AllProjects\\city-tech-engineering-qa-automation-690065fb73e1\\SprintNew1\\DesignDemo\\Catalog\\ItemFeed\\TC001_RegularItemCreation\\Data\\updated_setup\\manag...</msg>
<var>${json_string}</var>
<arg>${json_path}</arg>
<doc>Returns the contents of a specified file.</doc>
<status status="PASS" start="2025-08-18T16:28:26.193313" elapsed="0.020184"/>
</kw>
<kw name="Convert String To Json" owner="JSONLibrary">
<msg time="2025-08-18T16:28:26.213900" level="INFO">${data} = {'Data': ['C:\\automation\\AllProjects\\city-tech-engineering-qa-automation-690065fb73e1\\SprintNew1\\DesignDemo\\Catalog\\ItemFeed\\TC001_RegularItemCreation\\Data\\updated_setup\\manageItem.xml', 'C...</msg>
<var>${data}</var>
<arg>${json_string}</arg>
<doc>Convert String to JSON object</doc>
<status status="PASS" start="2025-08-18T16:28:26.213682" elapsed="0.000245"/>
</kw>
<for flavor="IN">
<iter>
<kw name="Get From Dictionary" owner="Collections">
<msg time="2025-08-18T16:28:26.215007" level="INFO">${xml_files} = ['C:\\automation\\AllProjects\\city-tech-engineering-qa-automation-690065fb73e1\\SprintNew1\\DesignDemo\\Catalog\\ItemFeed\\TC001_RegularItemCreation\\Data\\updated_setup\\manageItem.xml', 'C:\\automa...</msg>
<var>${xml_files}</var>
<arg>${data}</arg>
<arg>${test_case}</arg>
<doc>Returns a value from the given ``dictionary`` based on the given ``key``.</doc>
<status status="PASS" start="2025-08-18T16:28:26.214853" elapsed="0.000176"/>
</kw>
<for flavor="IN">
<iter>
<kw name="Get File" owner="OperatingSystem">
<msg time="2025-08-18T16:28:26.215351" level="INFO" html="true">Getting file '&lt;a href="file://C:\automation\AllProjects\city-tech-engineering-qa-automation-690065fb73e1\SprintNew1\DesignDemo\Catalog\ItemFeed\TC001_RegularItemCreation\Data\updated_setup\manageItem.xml"&gt;C:\automation\AllProjects\city-tech-engineering-qa-automation-690065fb73e1\SprintNew1\DesignDemo\Catalog\ItemFeed\TC001_RegularItemCreation\Data\updated_setup\manageItem.xml&lt;/a&gt;'.</msg>
<msg time="2025-08-18T16:28:26.240365" level="INFO">${xml_content} = &lt;MultiApi&gt;
	&lt;API Name="manageItem"&gt;
		&lt;Input&gt;
			&lt;ItemList&gt;
	&lt;Item Action="Manage" ItemGroupCode="PROD" ItemID="6985646_I1" OrganizationCode="DEFAULT" UnitOfMeasure="EACH"&gt;
		&lt;PrimaryInformation Image...</msg>
<var>${xml_content}</var>
<arg>${xml_file}</arg>
<doc>Returns the contents of a specified file.</doc>
<status status="PASS" start="2025-08-18T16:28:26.215258" elapsed="0.025173"/>
</kw>
<kw name="Send XML File" owner="keywords">
<kw name="Invoke MultiApi by Sending Request" owner="keywords">
<kw name="Send Request to a post session" owner="keywords">
<kw name="Set Environment Variables" owner="keywords">
<kw name="Evaluate" owner="BuiltIn">
<msg time="2025-08-18T16:28:26.242396" level="INFO">${env_data} = {'URL': 'https://cityf-dev-1.oms.supply-chain.ibm.com/', 'USERNAME': 'admin', 'PASSWORD': 'password', 'CERTlOCATION': 'C://projects//city//tech//certificates//dev//dev.p12', 'CERTPASSWORD': 'a12345678...</msg>
<var>${env_data}</var>
<arg>env_variables.ENVIRONMENTS['${ENV}']</arg>
<arg>modules=env_variables</arg>
<doc>Evaluates the given expression in Python and returns the result.</doc>
<status status="PASS" start="2025-08-18T16:28:26.242106" elapsed="0.000319"/>
</kw>
<return>
<value>${env_data}</value>
<status status="PASS" start="2025-08-18T16:28:26.242704" elapsed="0.000054"/>
</return>
<msg time="2025-08-18T16:28:26.242967" level="INFO">${env_data} = {'URL': 'https://cityf-dev-1.oms.supply-chain.ibm.com/', 'USERNAME': 'admin', 'PASSWORD': 'password', 'CERTlOCATION': 'C://projects//city//tech//certificates//dev//dev.p12', 'CERTPASSWORD': 'a12345678...</msg>
<var>${env_data}</var>
<status status="PASS" start="2025-08-18T16:28:26.241500" elapsed="0.001490"/>
</kw>
<kw name="Extract Cert Key From P12" owner="certificates">
<msg time="2025-08-18T16:28:26.329135" level="INFO">Cert file path: C:\Users\003J2E~1\AppData\Local\Temp\tmpfkc8f6as
Key file path: C:\Users\003J2E~1\AppData\Local\Temp\tmpprc6z_zi</msg>
<msg time="2025-08-18T16:28:26.329350" level="INFO">${cert_file} = C:\Users\003J2E~1\AppData\Local\Temp\tmpfkc8f6as</msg>
<msg time="2025-08-18T16:28:26.329421" level="INFO">${key_file} = C:\Users\003J2E~1\AppData\Local\Temp\tmpprc6z_zi</msg>
<var>${cert_file}</var>
<var>${key_file}</var>
<arg>${env_data['CERTlOCATION']}</arg>
<arg>${env_data['CERTPASSWORD']}</arg>
<status status="PASS" start="2025-08-18T16:28:26.243103" elapsed="0.086378"/>
</kw>
<kw name="Create Secure Session With Client Cert" owner="sessionUtils">
<arg>dev</arg>
<arg>${env_data['URL']}</arg>
<arg>${cert_file}</arg>
<arg>${key_file}</arg>
<arg>${True}</arg>
<status status="PASS" start="2025-08-18T16:28:26.329757" elapsed="0.002061"/>
</kw>
<kw name="Create Dictionary" owner="BuiltIn">
<msg time="2025-08-18T16:28:26.334503" level="INFO">${params} = {'YFSEnvironment.progId': 'Test', 'InteropApiName': 'multiApi', 'ApiName': 'MultiApi', 'YFSEnvironment.userId': 'admin', 'YFSEnvironment.password': 'password', 'InteropApiData': '&lt;MultiApi&gt;\n\t&lt;API Na...</msg>
<var>${params}</var>
<arg>YFSEnvironment.progId=Test</arg>
<arg>InteropApiName=multiApi</arg>
<arg>ApiName=MultiApi</arg>
<arg>YFSEnvironment.userId=${env_data['USERNAME']}</arg>
<arg>YFSEnvironment.password=${env_data['PASSWORD']}</arg>
<arg>InteropApiData=${xmlRequest}</arg>
<arg>timeout=30</arg>
<doc>Creates and returns a dictionary based on the given ``items``.</doc>
<status status="PASS" start="2025-08-18T16:28:26.332138" elapsed="0.002406"/>
</kw>
<kw name="POST On Session" owner="RequestsLibrary">
<msg time="2025-08-18T16:28:28.147108" level="INFO">POST Request : url=https://cityf-dev-1.oms.supply-chain.ibm.com/smcfs/interop/InteropHttpServlet?YFSEnvironment.progId=Test&amp;InteropApiName=multiApi&amp;ApiName=MultiApi&amp;YFSEnvironment.userId=admin&amp;YFSEnvironment.password=password&amp;InteropApiData=%3CMultiApi%3E%0A%09%3CAPI+Name%3D%22manageItem%22%3E%0A%09%09%3CInput%3E%0A%09%09%09%3CItemList%3E%0A%09%3CItem+Action%3D%22Manage%22+ItemGroupCode%3D%22PROD%22+ItemID%3D%226985646_I1%22+OrganizationCode%3D%22DEFAULT%22+UnitOfMeasure%3D%22EACH%22%3E%0A%09%09%3CPrimaryInformation+ImageID%3D%22S2409733276F00_K_US_PRFMAX_SOFT_LMAT_SET.jpeg%22+ImageLabel%3D%22rest-renew-performance-max-soft-low-profile-mattress-set%22+ImageLocation%3D%22https%3A%2F%2Fembed.widencdn.net%2Fimg%2Fcityfurniture%2Fqsxexwzyz4%2F640px%22+CostCurrency%3D%22USD%22+Description%3D%22Rest+and+Renew+Performance+Max+Soft+Low-profile+Mattress+Set%22+ExtendedDescription%3D%22Includes%3A+Mattress+and+5.5low-profile+foundation+Part+of+our+exclusive+Rest+and+Renew+line%2C+the+exclusive+Performance+Max+14.5+mattress+is+designed+for+those+seeking+the+most+refreshing+and+restorative+sleep+experience.+This+foam+design+features+a+plush+comfort+level%2C+making+it+perfect+for+side+and+back+sleepers.+A+highly+advanced%2C+Graphene-enhanced+cooling+knit+cover+stays+cool+to+the+touch+due+to+its+superior+breathability+plus%2C+offers+better+heat+regulation+and+anti-bacterial+properties.+Enjoy+lasting+comfort+multiple+layers+of+Copper+Gel+AeroFusion+memory+foam%2C+which+features+Phase+Changing+Material+and+bamboo+charcoal+to+help+with+heat+absorption+that+keep+you+feeling+cool%2C+comfortable%2C+and+fresh+all+night+long.+Convoluted+flex+foam%2C+smart+foam%2C+and+additional+foam+layers+provide+additional+plushness+and+extra+airflow+while+offering+incredible+support.+Unbox%2C+unroll%2C+and+unwind+effortlessly+with+its+mattress-in-a-box+design.+Made+in+the+USA.+Mattress+protector+recommended.+Adjustable+base+compatible.%22+IsReturnable%3D%22Y%22+ManufacturerItem%3D%22XavierKing+Single+Bed%28PI%29%22+PrimarySupplier%3D%22%22+ShortDescription%3D%22Rest+and+Renew+Performance+Max+Soft+Low-profile+Mattress+Set%22+UnitCost%3D%222839.00%22+%2F%3E%0A%09%09%3CInventoryParameters+LeadTime%3D%221%22+TimeSensitive%3D%22N%22+%2F%3E%0A%09%3C%2FItem%3E%0A%3C%2FItemList%3E%0A%09%09%09%3C%2FInput%3E%0A%09%09%3C%2FAPI%3E%0A%3C%2FMultiApi%3E&amp;timeout=30 
 path_url=/smcfs/interop/InteropHttpServlet?YFSEnvironment.progId=Test&amp;InteropApiName=multiApi&amp;ApiName=MultiApi&amp;YFSEnvironment.userId=admin&amp;YFSEnvironment.password=password&amp;InteropApiData=%3CMultiApi%3E%0A%09%3CAPI+Name%3D%22manageItem%22%3E%0A%09%09%3CInput%3E%0A%09%09%09%3CItemList%3E%0A%09%3CItem+Action%3D%22Manage%22+ItemGroupCode%3D%22PROD%22+ItemID%3D%226985646_I1%22+OrganizationCode%3D%22DEFAULT%22+UnitOfMeasure%3D%22EACH%22%3E%0A%09%09%3CPrimaryInformation+ImageID%3D%22S2409733276F00_K_US_PRFMAX_SOFT_LMAT_SET.jpeg%22+ImageLabel%3D%22rest-renew-performance-max-soft-low-profile-mattress-set%22+ImageLocation%3D%22https%3A%2F%2Fembed.widencdn.net%2Fimg%2Fcityfurniture%2Fqsxexwzyz4%2F640px%22+CostCurrency%3D%22USD%22+Description%3D%22Rest+and+Renew+Performance+Max+Soft+Low-profile+Mattress+Set%22+ExtendedDescription%3D%22Includes%3A+Mattress+and+5.5low-profile+foundation+Part+of+our+exclusive+Rest+and+Renew+line%2C+the+exclusive+Performance+Max+14.5+mattress+is+designed+for+those+seeking+the+most+refreshing+and+restorative+sleep+experience.+This+foam+design+features+a+plush+comfort+level%2C+making+it+perfect+for+side+and+back+sleepers.+A+highly+advanced%2C+Graphene-enhanced+cooling+knit+cover+stays+cool+to+the+touch+due+to+its+superior+breathability+plus%2C+offers+better+heat+regulation+and+anti-bacterial+properties.+Enjoy+lasting+comfort+multiple+layers+of+Copper+Gel+AeroFusion+memory+foam%2C+which+features+Phase+Changing+Material+and+bamboo+charcoal+to+help+with+heat+absorption+that+keep+you+feeling+cool%2C+comfortable%2C+and+fresh+all+night+long.+Convoluted+flex+foam%2C+smart+foam%2C+and+additional+foam+layers+provide+additional+plushness+and+extra+airflow+while+offering+incredible+support.+Unbox%2C+unroll%2C+and+unwind+effortlessly+with+its+mattress-in-a-box+design.+Made+in+the+USA.+Mattress+protector+recommended.+Adjustable+base+compatible.%22+IsReturnable%3D%22Y%22+ManufacturerItem%3D%22XavierKing+Single+Bed%28PI%29%22+PrimarySupplier%3D%22%22+ShortDescription%3D%22Rest+and+Renew+Performance+Max+Soft+Low-profile+Mattress+Set%22+UnitCost%3D%222839.00%22+%2F%3E%0A%09%09%3CInventoryParameters+LeadTime%3D%221%22+TimeSensitive%3D%22N%22+%2F%3E%0A%09%3C%2FItem%3E%0A%3C%2FItemList%3E%0A%09%09%09%3C%2FInput%3E%0A%09%09%3C%2FAPI%3E%0A%3C%2FMultiApi%3E&amp;timeout=30 
 headers={'User-Agent': 'python-requests/2.32.3', 'Accept-Encoding': 'gzip, deflate', 'Accept': '*/*', 'Connection': 'keep-alive', 'Content-Length': '0'} 
 body=None 
 </msg>
<msg time="2025-08-18T16:28:28.147724" level="INFO">POST Response : url=https://cityf-dev-1.oms.supply-chain.ibm.com/smcfs/interop/InteropHttpServlet?YFSEnvironment.progId=Test&amp;InteropApiName=multiApi&amp;ApiName=MultiApi&amp;YFSEnvironment.userId=admin&amp;YFSEnvironment.password=password&amp;InteropApiData=%3CMultiApi%3E%0A%09%3CAPI+Name%3D%22manageItem%22%3E%0A%09%09%3CInput%3E%0A%09%09%09%3CItemList%3E%0A%09%3CItem+Action%3D%22Manage%22+ItemGroupCode%3D%22PROD%22+ItemID%3D%226985646_I1%22+OrganizationCode%3D%22DEFAULT%22+UnitOfMeasure%3D%22EACH%22%3E%0A%09%09%3CPrimaryInformation+ImageID%3D%22S2409733276F00_K_US_PRFMAX_SOFT_LMAT_SET.jpeg%22+ImageLabel%3D%22rest-renew-performance-max-soft-low-profile-mattress-set%22+ImageLocation%3D%22https%3A%2F%2Fembed.widencdn.net%2Fimg%2Fcityfurniture%2Fqsxexwzyz4%2F640px%22+CostCurrency%3D%22USD%22+Description%3D%22Rest+and+Renew+Performance+Max+Soft+Low-profile+Mattress+Set%22+ExtendedDescription%3D%22Includes%3A+Mattress+and+5.5low-profile+foundation+Part+of+our+exclusive+Rest+and+Renew+line%2C+the+exclusive+Performance+Max+14.5+mattress+is+designed+for+those+seeking+the+most+refreshing+and+restorative+sleep+experience.+This+foam+design+features+a+plush+comfort+level%2C+making+it+perfect+for+side+and+back+sleepers.+A+highly+advanced%2C+Graphene-enhanced+cooling+knit+cover+stays+cool+to+the+touch+due+to+its+superior+breathability+plus%2C+offers+better+heat+regulation+and+anti-bacterial+properties.+Enjoy+lasting+comfort+multiple+layers+of+Copper+Gel+AeroFusion+memory+foam%2C+which+features+Phase+Changing+Material+and+bamboo+charcoal+to+help+with+heat+absorption+that+keep+you+feeling+cool%2C+comfortable%2C+and+fresh+all+night+long.+Convoluted+flex+foam%2C+smart+foam%2C+and+additional+foam+layers+provide+additional+plushness+and+extra+airflow+while+offering+incredible+support.+Unbox%2C+unroll%2C+and+unwind+effortlessly+with+its+mattress-in-a-box+design.+Made+in+the+USA.+Mattress+protector+recommended.+Adjustable+base+compatible.%22+IsReturnable%3D%22Y%22+ManufacturerItem%3D%22XavierKing+Single+Bed%28PI%29%22+PrimarySupplier%3D%22%22+ShortDescription%3D%22Rest+and+Renew+Performance+Max+Soft+Low-profile+Mattress+Set%22+UnitCost%3D%222839.00%22+%2F%3E%0A%09%09%3CInventoryParameters+LeadTime%3D%221%22+TimeSensitive%3D%22N%22+%2F%3E%0A%09%3C%2FItem%3E%0A%3C%2FItemList%3E%0A%09%09%09%3C%2FInput%3E%0A%09%09%3C%2FAPI%3E%0A%3C%2FMultiApi%3E&amp;timeout=30 
 status=200, reason=OK 
 headers={'x-frame-options': 'SAMEORIGIN', 'x-ua-compatible': 'IE=EmulateIE8', 'interopsentdata': 'true', 'content-type': 'text/xml; charset=UTF-8', 'content-language': 'en-US', 'vary': 'Accept-Encoding', 'content-encoding': 'gzip', 'set-cookie': 'JSESSIONID=0000xmfsYxPCeIfElyaXg8sLX7A:0b5dda71-ef6d-4f3d-9b31-ee7bb5bafd2a; Path=/smcfs; Secure; HttpOnly', 'date': 'Mon, 18 Aug 2025 10:58:28 GMT', 'expires': 'Thu, 01 Dec 1994 16:00:00 GMT', 'cache-control': 'no-cache="set-cookie, set-cookie2"', 'x-envoy-upstream-service-time': '809', 'server': 'istio-envoy', 'transfer-encoding': 'chunked'} 
 body=&lt;?xml version="1.0" encoding="UTF-8"?&gt;
&lt;MultiApi&gt;&lt;API Name="manageItem"&gt;&lt;Output/&gt;&lt;/API&gt;&lt;/MultiApi&gt; 
 </msg>
<msg time="2025-08-18T16:28:28.148598" level="INFO">${resp} = &lt;Response [200]&gt;</msg>
<var>${resp}</var>
<arg>dev</arg>
<arg>${req_uri}</arg>
<arg>params=${params}</arg>
<doc>Sends a POST request on a previously created HTTP Session.</doc>
<status status="PASS" start="2025-08-18T16:28:26.334755" elapsed="1.813964"/>
</kw>
<kw name="Log" owner="BuiltIn">
<msg time="2025-08-18T16:28:28.149912" level="INFO">Request:&lt;MultiApi&gt;
	&lt;API Name="manageItem"&gt;
		&lt;Input&gt;
			&lt;ItemList&gt;
	&lt;Item Action="Manage" ItemGroupCode="PROD" ItemID="6985646_I1" OrganizationCode="DEFAULT" UnitOfMeasure="EACH"&gt;
		&lt;PrimaryInformation ImageID="S2409733276F00_K_US_PRFMAX_SOFT_LMAT_SET.jpeg" ImageLabel="rest-renew-performance-max-soft-low-profile-mattress-set" ImageLocation="https://embed.widencdn.net/img/cityfurniture/qsxexwzyz4/640px" CostCurrency="USD" Description="Rest and Renew Performance Max Soft Low-profile Mattress Set" ExtendedDescription="Includes: Mattress and 5.5low-profile foundation Part of our exclusive Rest and Renew line, the exclusive Performance Max 14.5 mattress is designed for those seeking the most refreshing and restorative sleep experience. This foam design features a plush comfort level, making it perfect for side and back sleepers. A highly advanced, Graphene-enhanced cooling knit cover stays cool to the touch due to its superior breathability plus, offers better heat regulation and anti-bacterial properties. Enjoy lasting comfort multiple layers of Copper Gel AeroFusion memory foam, which features Phase Changing Material and bamboo charcoal to help with heat absorption that keep you feeling cool, comfortable, and fresh all night long. Convoluted flex foam, smart foam, and additional foam layers provide additional plushness and extra airflow while offering incredible support. Unbox, unroll, and unwind effortlessly with its mattress-in-a-box design. Made in the USA. Mattress protector recommended. Adjustable base compatible." IsReturnable="Y" ManufacturerItem="XavierKing Single Bed(PI)" PrimarySupplier="" ShortDescription="Rest and Renew Performance Max Soft Low-profile Mattress Set" UnitCost="2839.00" /&gt;
		&lt;InventoryParameters LeadTime="1" TimeSensitive="N" /&gt;
	&lt;/Item&gt;
&lt;/ItemList&gt;
			&lt;/Input&gt;
		&lt;/API&gt;
&lt;/MultiApi&gt;</msg>
<arg>Request:${xmlRequest}</arg>
<doc>Logs the given message with the given level.</doc>
<status status="PASS" start="2025-08-18T16:28:28.149393" elapsed="0.000751"/>
</kw>
<kw name="Log" owner="BuiltIn">
<msg time="2025-08-18T16:28:28.151114" level="INFO">Response Status Code :&lt;Response [200]&gt;</msg>
<arg>Response Status Code :${resp}</arg>
<doc>Logs the given message with the given level.</doc>
<status status="PASS" start="2025-08-18T16:28:28.150617" elapsed="0.000781"/>
</kw>
<kw name="Log To Console" owner="BuiltIn">
<arg>${resp.headers['Content-Type']}</arg>
<doc>Logs the given message to the console.</doc>
<status status="PASS" start="2025-08-18T16:28:28.151828" elapsed="0.002524"/>
</kw>
<kw name="Log" owner="BuiltIn">
<msg time="2025-08-18T16:28:28.157158" level="INFO">Response XML:&lt;?xml version="1.0" encoding="UTF-8"?&gt;
&lt;MultiApi&gt;&lt;API Name="manageItem"&gt;&lt;Output/&gt;&lt;/API&gt;&lt;/MultiApi&gt;</msg>
<arg>Response XML:${resp.content}</arg>
<doc>Logs the given message with the given level.</doc>
<status status="PASS" start="2025-08-18T16:28:28.154897" elapsed="0.002400"/>
</kw>
<return>
<value>${resp}</value>
<status status="PASS" start="2025-08-18T16:28:28.157476" elapsed="0.000107"/>
</return>
<msg time="2025-08-18T16:28:28.157915" level="INFO">${Resp} = &lt;Response [200]&gt;</msg>
<var>${Resp}</var>
<arg>${Req}</arg>
<status status="PASS" start="2025-08-18T16:28:26.241284" elapsed="1.916716"/>
</kw>
<kw name="Status Should Be" owner="RequestsLibrary">
<arg>200</arg>
<arg>${Resp}</arg>
<doc>Fails if response status code is different than the expected.</doc>
<status status="PASS" start="2025-08-18T16:28:28.158358" elapsed="0.000539"/>
</kw>
<return>
<value>${Resp}</value>
<status status="PASS" start="2025-08-18T16:28:28.159048" elapsed="0.000079"/>
</return>
<msg time="2025-08-18T16:28:28.159393" level="INFO">${resp} = &lt;Response [200]&gt;</msg>
<var>${resp}</var>
<arg>${xml_data}</arg>
<status status="PASS" start="2025-08-18T16:28:26.241040" elapsed="1.918406"/>
</kw>
<kw name="Log" owner="BuiltIn">
<msg time="2025-08-18T16:28:28.159993" level="INFO">req:&lt;MultiApi&gt;
	&lt;API Name="manageItem"&gt;
		&lt;Input&gt;
			&lt;ItemList&gt;
	&lt;Item Action="Manage" ItemGroupCode="PROD" ItemID="6985646_I1" OrganizationCode="DEFAULT" UnitOfMeasure="EACH"&gt;
		&lt;PrimaryInformation ImageID="S2409733276F00_K_US_PRFMAX_SOFT_LMAT_SET.jpeg" ImageLabel="rest-renew-performance-max-soft-low-profile-mattress-set" ImageLocation="https://embed.widencdn.net/img/cityfurniture/qsxexwzyz4/640px" CostCurrency="USD" Description="Rest and Renew Performance Max Soft Low-profile Mattress Set" ExtendedDescription="Includes: Mattress and 5.5low-profile foundation Part of our exclusive Rest and Renew line, the exclusive Performance Max 14.5 mattress is designed for those seeking the most refreshing and restorative sleep experience. This foam design features a plush comfort level, making it perfect for side and back sleepers. A highly advanced, Graphene-enhanced cooling knit cover stays cool to the touch due to its superior breathability plus, offers better heat regulation and anti-bacterial properties. Enjoy lasting comfort multiple layers of Copper Gel AeroFusion memory foam, which features Phase Changing Material and bamboo charcoal to help with heat absorption that keep you feeling cool, comfortable, and fresh all night long. Convoluted flex foam, smart foam, and additional foam layers provide additional plushness and extra airflow while offering incredible support. Unbox, unroll, and unwind effortlessly with its mattress-in-a-box design. Made in the USA. Mattress protector recommended. Adjustable base compatible." IsReturnable="Y" ManufacturerItem="XavierKing Single Bed(PI)" PrimarySupplier="" ShortDescription="Rest and Renew Performance Max Soft Low-profile Mattress Set" UnitCost="2839.00" /&gt;
		&lt;InventoryParameters LeadTime="1" TimeSensitive="N" /&gt;
	&lt;/Item&gt;
&lt;/ItemList&gt;
			&lt;/Input&gt;
		&lt;/API&gt;
&lt;/MultiApi&gt;</msg>
<arg>req:${xml_data}</arg>
<doc>Logs the given message with the given level.</doc>
<status status="PASS" start="2025-08-18T16:28:28.159729" elapsed="0.000400"/>
</kw>
<kw name="Log" owner="BuiltIn">
<msg time="2025-08-18T16:28:28.160615" level="INFO">resp:&lt;Response [200]&gt;</msg>
<arg>resp:${resp}</arg>
<doc>Logs the given message with the given level.</doc>
<status status="PASS" start="2025-08-18T16:28:28.160402" elapsed="0.000307"/>
</kw>
<kw name="Log To Console" owner="BuiltIn">
<arg>respContent:${resp.content}</arg>
<doc>Logs the given message to the console.</doc>
<status status="PASS" start="2025-08-18T16:28:28.160972" elapsed="0.001773"/>
</kw>
<kw name="Check for MapData" owner="keywords">
<kw name="Log" owner="BuiltIn">
<msg time="2025-08-18T16:28:28.165126" level="INFO">testcase:------------------C:\automation\AllProjects\city-tech-engineering-qa-automation-690065fb73e1\SprintNew1\DesignDemo\Catalog\ItemFeed\TC001_RegularItemCreation\Data\updated_setup\manageItem.xml</msg>
<arg>testcase:------------------${xml_file}</arg>
<doc>Logs the given message with the given level.</doc>
<status status="PASS" start="2025-08-18T16:28:28.164884" elapsed="0.000330"/>
</kw>
<kw name="Execute XML" owner="keywords">
<kw name="Log" owner="BuiltIn">
<msg time="2025-08-18T16:28:28.166477" level="INFO">Executing XML: C:\automation\AllProjects\city-tech-engineering-qa-automation-690065fb73e1\SprintNew1\DesignDemo\Catalog\ItemFeed\TC001_RegularItemCreation\Data\updated_setup\manageItem.xml</msg>
<arg>Executing XML: ${xml_file}</arg>
<doc>Logs the given message with the given level.</doc>
<status status="PASS" start="2025-08-18T16:28:28.166166" elapsed="0.000421"/>
</kw>
<kw name="Tc Folder" owner="script1">
<msg time="2025-08-18T16:28:28.167258" level="INFO">${folder_path} = C:\automation\AllProjects\city-tech-engineering-qa-automation-690065fb73e1\SprintNew1\DesignDemo\Catalog\ItemFeed\TC001_RegularItemCreation\Data</msg>
<var>${folder_path}</var>
<arg>${xml_file}</arg>
<status status="PASS" start="2025-08-18T16:28:28.166827" elapsed="0.000495"/>
</kw>
<return>
<value>${folder_path}</value>
<status status="PASS" start="2025-08-18T16:28:28.167434" elapsed="0.000078"/>
</return>
<msg time="2025-08-18T16:28:28.167769" level="INFO">${folder_path} = C:\automation\AllProjects\city-tech-engineering-qa-automation-690065fb73e1\SprintNew1\DesignDemo\Catalog\ItemFeed\TC001_RegularItemCreation\Data</msg>
<var>${folder_path}</var>
<arg>${xml_file}</arg>
<status status="PASS" start="2025-08-18T16:28:28.165488" elapsed="0.002335"/>
</kw>
<kw name="Check File Contains MapData" owner="script1">
<msg time="2025-08-18T16:28:28.168522" level="INFO">Checking filename: 'manageItem.xml' (raw)
ASCII Debug: [109, 97, 110, 97, 103, 101, 73, 116, 101, 109, 46, 120, 109, 108]
 'mapData' NOT found in filename!</msg>
<msg time="2025-08-18T16:28:28.168678" level="INFO">${mapDataflag} = False</msg>
<var>${mapDataflag}</var>
<arg>${xml_file}</arg>
<arg>mapdata</arg>
<doc>Check if the filename contains 'mapData' (case insensitive).</doc>
<status status="PASS" start="2025-08-18T16:28:28.168095" elapsed="0.000625"/>
</kw>
<kw name="Log To Console" owner="BuiltIn">
<arg>mapDataflag:${mapDataflag}</arg>
<doc>Logs the given message to the console.</doc>
<status status="PASS" start="2025-08-18T16:28:28.168989" elapsed="0.000550"/>
</kw>
<kw name="Log" owner="BuiltIn">
<msg time="2025-08-18T16:28:28.170168" level="INFO">mapDataflag:False</msg>
<arg>mapDataflag:${mapDataflag}</arg>
<doc>Logs the given message with the given level.</doc>
<status status="PASS" start="2025-08-18T16:28:28.169870" elapsed="0.000384"/>
</kw>
<kw name="Log" owner="BuiltIn">
<msg time="2025-08-18T16:28:28.170923" level="INFO">content:&lt;?xml version="1.0" encoding="UTF-8"?&gt;
&lt;MultiApi&gt;&lt;API Name="manageItem"&gt;&lt;Output/&gt;&lt;/API&gt;&lt;/MultiApi&gt;</msg>
<arg>content:${resp.content}</arg>
<doc>Logs the given message with the given level.</doc>
<status status="PASS" start="2025-08-18T16:28:28.170509" elapsed="0.000556"/>
</kw>
<kw name="Log To Console" owner="BuiltIn">
<arg>mapdata content:${resp.content}</arg>
<doc>Logs the given message to the console.</doc>
<status status="PASS" start="2025-08-18T16:28:28.171462" elapsed="0.000582"/>
</kw>
<kw name="Check Flag If True" owner="script1">
<msg time="2025-08-18T16:28:28.172793" level="INFO">The flag is False</msg>
<msg time="2025-08-18T16:28:28.172921" level="INFO">${flag} = False</msg>
<var>${flag}</var>
<arg>${mapDataflag}</arg>
<status status="PASS" start="2025-08-18T16:28:28.172462" elapsed="0.000504"/>
</kw>
<kw name="Log" owner="BuiltIn">
<msg time="2025-08-18T16:28:28.173543" level="INFO">flag::::::::::::::::::::False</msg>
<arg>flag::::::::::::::::::::${flag}</arg>
<doc>Logs the given message with the given level.</doc>
<status status="PASS" start="2025-08-18T16:28:28.173223" elapsed="0.000421"/>
</kw>
<kw name="Log To Console" owner="BuiltIn">
<arg>mapdata flag :: flag::::::::::::::::::::${flag}</arg>
<doc>Logs the given message to the console.</doc>
<status status="PASS" start="2025-08-18T16:28:28.173929" elapsed="0.000443"/>
</kw>
<kw name="Get Base Filename" owner="generateRandomNumberAndReplaceAllXMLS">
<msg time="2025-08-18T16:28:28.175409" level="INFO">${file_name} = manageItem</msg>
<var>${file_name}</var>
<arg>${xml_file}</arg>
<doc>Extract the base filename without numbers and extension.</doc>
<status status="PASS" start="2025-08-18T16:28:28.174774" elapsed="0.000697"/>
</kw>
<kw name="Run Keyword If" owner="BuiltIn">
<arg>${FLAG}</arg>
<arg>Fecth Response</arg>
<arg>${resp.content}</arg>
<arg>${folder_path}</arg>
<arg>${file_name}</arg>
<doc>Runs the given keyword with the given arguments, if ``condition`` is true.</doc>
<status status="PASS" start="2025-08-18T16:28:28.175781" elapsed="0.000263"/>
</kw>
<kw name="Get Data Flag" owner="keywords">
<kw name="Check File Contains MapData" owner="script1">
<msg time="2025-08-18T16:28:28.177353" level="INFO">Checking filename: 'manageItem.xml' (raw)
ASCII Debug: [109, 97, 110, 97, 103, 101, 73, 116, 101, 109, 46, 120, 109, 108]
 'mapData' NOT found in filename!</msg>
<msg time="2025-08-18T16:28:28.177486" level="INFO">${getDataflag} = False</msg>
<var>${getDataflag}</var>
<arg>${xml_file}</arg>
<arg>getdata</arg>
<doc>Check if the filename contains 'mapData' (case insensitive).</doc>
<status status="PASS" start="2025-08-18T16:28:28.177077" elapsed="0.000455"/>
</kw>
<kw name="Log" owner="BuiltIn">
<msg time="2025-08-18T16:28:28.178052" level="INFO">getDataflag:False</msg>
<arg>getDataflag:${getDataflag}</arg>
<doc>Logs the given message with the given level.</doc>
<status status="PASS" start="2025-08-18T16:28:28.177796" elapsed="0.000340"/>
</kw>
<kw name="Log To Console" owner="BuiltIn">
<arg>getDataflag:${getDataflag}</arg>
<doc>Logs the given message to the console.</doc>
<status status="PASS" start="2025-08-18T16:28:28.178371" elapsed="0.000619"/>
</kw>
<kw name="Log" owner="BuiltIn">
<msg time="2025-08-18T16:28:28.179606" level="INFO">content:&lt;?xml version="1.0" encoding="UTF-8"?&gt;
&lt;MultiApi&gt;&lt;API Name="manageItem"&gt;&lt;Output/&gt;&lt;/API&gt;&lt;/MultiApi&gt;</msg>
<arg>content:${resp.content}</arg>
<doc>Logs the given message with the given level.</doc>
<status status="PASS" start="2025-08-18T16:28:28.179313" elapsed="0.000389"/>
</kw>
<kw name="Log To Console" owner="BuiltIn">
<arg>getDataflag content:${resp.content}</arg>
<doc>Logs the given message to the console.</doc>
<status status="PASS" start="2025-08-18T16:28:28.179956" elapsed="0.000643"/>
</kw>
<kw name="Check Flag If True" owner="script1">
<msg time="2025-08-18T16:28:28.181075" level="INFO">The flag is False</msg>
<msg time="2025-08-18T16:28:28.181175" level="INFO">${getflag} = False</msg>
<var>${getflag}</var>
<arg>${getDataflag}</arg>
<status status="PASS" start="2025-08-18T16:28:28.180843" elapsed="0.000366"/>
</kw>
<kw name="Log" owner="BuiltIn">
<msg time="2025-08-18T16:28:28.181576" level="INFO">getFlag:False</msg>
<arg>getFlag:${getflag}</arg>
<doc>Logs the given message with the given level.</doc>
<status status="PASS" start="2025-08-18T16:28:28.181402" elapsed="0.000232"/>
</kw>
<kw name="Log To Console" owner="BuiltIn">
<arg>getDataflag::::::::getFlag:${getDataflag}</arg>
<doc>Logs the given message to the console.</doc>
<status status="PASS" start="2025-08-18T16:28:28.181809" elapsed="0.000495"/>
</kw>
<kw name="Run Keyword If" owner="BuiltIn">
<msg time="2025-08-18T16:28:28.182823" level="INFO">${resp} = None</msg>
<var>${resp}</var>
<arg>${getflag}</arg>
<arg>Get Data Flag is true</arg>
<arg>${folder_path}</arg>
<arg>${resp.content}</arg>
<arg>${xml_file}</arg>
<doc>Runs the given keyword with the given arguments, if ``condition`` is true.</doc>
<status status="PASS" start="2025-08-18T16:28:28.182571" elapsed="0.000291"/>
</kw>
<return>
<value>${resp}</value>
<status status="PASS" start="2025-08-18T16:28:28.182974" elapsed="0.000062"/>
</return>
<arg>${folder_path}</arg>
<arg>${resp.content}</arg>
<arg>${xml_file}</arg>
<status status="PASS" start="2025-08-18T16:28:28.176428" elapsed="0.006767"/>
</kw>
<arg>${xml_data}</arg>
<arg>${resp.content}</arg>
<arg>${xml_file}</arg>
<status status="PASS" start="2025-08-18T16:28:28.163186" elapsed="0.020167"/>
</kw>
<kw name="Log To Console" owner="BuiltIn">
<arg>Entered Here last-3</arg>
<doc>Logs the given message to the console.</doc>
<status status="PASS" start="2025-08-18T16:28:28.183539" elapsed="0.000460"/>
</kw>
<kw name="Check for ValidateData" owner="keywords">
<kw name="Execute XML" owner="keywords">
<kw name="Log" owner="BuiltIn">
<msg time="2025-08-18T16:28:28.186757" level="INFO">Executing XML: C:\automation\AllProjects\city-tech-engineering-qa-automation-690065fb73e1\SprintNew1\DesignDemo\Catalog\ItemFeed\TC001_RegularItemCreation\Data\updated_setup\manageItem.xml</msg>
<arg>Executing XML: ${xml_file}</arg>
<doc>Logs the given message with the given level.</doc>
<status status="PASS" start="2025-08-18T16:28:28.186577" elapsed="0.000430"/>
</kw>
<kw name="Tc Folder" owner="script1">
<msg time="2025-08-18T16:28:28.187652" level="INFO">${folder_path} = C:\automation\AllProjects\city-tech-engineering-qa-automation-690065fb73e1\SprintNew1\DesignDemo\Catalog\ItemFeed\TC001_RegularItemCreation\Data</msg>
<var>${folder_path}</var>
<arg>${xml_file}</arg>
<status status="PASS" start="2025-08-18T16:28:28.187216" elapsed="0.000514"/>
</kw>
<return>
<value>${folder_path}</value>
<status status="PASS" start="2025-08-18T16:28:28.187836" elapsed="0.000060"/>
</return>
<msg time="2025-08-18T16:28:28.188111" level="INFO">${folder_path} = C:\automation\AllProjects\city-tech-engineering-qa-automation-690065fb73e1\SprintNew1\DesignDemo\Catalog\ItemFeed\TC001_RegularItemCreation\Data</msg>
<var>${folder_path}</var>
<arg>${xml_file}</arg>
<status status="PASS" start="2025-08-18T16:28:28.186191" elapsed="0.001967"/>
</kw>
<kw name="Log To Console" owner="BuiltIn">
<arg>Folder Path:${folder_path} and XML File: ${xml_file}</arg>
<doc>Logs the given message to the console.</doc>
<status status="PASS" start="2025-08-18T16:28:28.188418" elapsed="0.000951"/>
</kw>
<kw name="Check File Contains MapData" owner="script1">
<msg time="2025-08-18T16:28:28.190364" level="INFO">Checking filename: 'manageItem.xml' (raw)
ASCII Debug: [109, 97, 110, 97, 103, 101, 73, 116, 101, 109, 46, 120, 109, 108]
 'mapData' NOT found in filename!</msg>
<msg time="2025-08-18T16:28:28.190610" level="INFO">${valDataflag} = False</msg>
<var>${valDataflag}</var>
<arg>${xml_file}</arg>
<arg>validatedata</arg>
<doc>Check if the filename contains 'mapData' (case insensitive).</doc>
<status status="PASS" start="2025-08-18T16:28:28.189879" elapsed="0.000818"/>
</kw>
<kw name="Log" owner="BuiltIn">
<msg time="2025-08-18T16:28:28.191835" level="INFO">mapDataflag:False</msg>
<arg>mapDataflag:${valDataflag}</arg>
<doc>Logs the given message with the given level.</doc>
<status status="PASS" start="2025-08-18T16:28:28.191242" elapsed="0.000725"/>
</kw>
<kw name="Log" owner="BuiltIn">
<msg time="2025-08-18T16:28:28.192570" level="INFO">content:&lt;?xml version="1.0" encoding="UTF-8"?&gt;
&lt;MultiApi&gt;&lt;API Name="manageItem"&gt;&lt;Output/&gt;&lt;/API&gt;&lt;/MultiApi&gt;</msg>
<arg>content:${resp.content}</arg>
<doc>Logs the given message with the given level.</doc>
<status status="PASS" start="2025-08-18T16:28:28.192288" elapsed="0.000373"/>
</kw>
<kw name="Log To Console" owner="BuiltIn">
<arg>ValidateData content in valdata:${resp.content}</arg>
<doc>Logs the given message to the console.</doc>
<status status="PASS" start="2025-08-18T16:28:28.192867" elapsed="0.000529"/>
</kw>
<kw name="Log To Console" owner="BuiltIn">
<arg>mapDataflag:${valDataflag}</arg>
<doc>Logs the given message to the console.</doc>
<status status="PASS" start="2025-08-18T16:28:28.193730" elapsed="0.000481"/>
</kw>
<kw name="Log To Console" owner="BuiltIn">
<arg>Entered Here step last-1-i</arg>
<doc>Logs the given message to the console.</doc>
<status status="PASS" start="2025-08-18T16:28:28.194484" elapsed="0.000359"/>
</kw>
<kw name="Check Flag If True" owner="script1">
<msg time="2025-08-18T16:28:28.195627" level="INFO">The flag is False</msg>
<msg time="2025-08-18T16:28:28.195826" level="INFO">${valDataflag} = False</msg>
<var>${valDataflag}</var>
<arg>${valDataflag}</arg>
<status status="PASS" start="2025-08-18T16:28:28.195269" elapsed="0.000628"/>
</kw>
<kw name="Run Keyword If" owner="BuiltIn">
<msg time="2025-08-18T16:28:28.196720" level="INFO">${index} = None</msg>
<var>${index}</var>
<arg>${valDataflag}</arg>
<arg>Increment Index</arg>
<arg>${index}</arg>
<doc>Runs the given keyword with the given arguments, if ``condition`` is true.</doc>
<status status="PASS" start="2025-08-18T16:28:28.196301" elapsed="0.000493"/>
</kw>
<kw name="Log To Console" owner="BuiltIn">
<arg>Entered Here step last-1-ii-ValDataFlag:${valDataflag}</arg>
<doc>Logs the given message to the console.</doc>
<status status="PASS" start="2025-08-18T16:28:28.197196" elapsed="0.000627"/>
</kw>
<kw name="Log To Console" owner="BuiltIn">
<arg>Entered Here step last-1-iii</arg>
<doc>Logs the given message to the console.</doc>
<status status="PASS" start="2025-08-18T16:28:28.198071" elapsed="0.000357"/>
</kw>
<kw name="Run Keyword If" owner="BuiltIn">
<arg>${valDataflag}</arg>
<arg>Get Validate Data Flag Is True And Compare XML</arg>
<arg>${folder_path}</arg>
<arg>${resp.content}</arg>
<arg>${xml_file}</arg>
<arg>${index}</arg>
<doc>Runs the given keyword with the given arguments, if ``condition`` is true.</doc>
<status status="PASS" start="2025-08-18T16:28:28.198759" elapsed="0.000270"/>
</kw>
<arg>${resp.content}</arg>
<arg>${xml_file}</arg>
<arg>${index}</arg>
<status status="PASS" start="2025-08-18T16:28:28.184313" elapsed="0.014871"/>
</kw>
<return>
<value>${resp}</value>
<status status="PASS" start="2025-08-18T16:28:28.199281" elapsed="0.000060"/>
</return>
<msg time="2025-08-18T16:28:28.199524" level="INFO">${resp} = &lt;Response [200]&gt;</msg>
<var>${resp}</var>
<arg>${xml_content}</arg>
<arg>${xml_file}</arg>
<arg>${index}</arg>
<status status="PASS" start="2025-08-18T16:28:26.240697" elapsed="1.958867"/>
</kw>
<var name="${xml_file}">C:\automation\AllProjects\city-tech-engineering-qa-automation-690065fb73e1\SprintNew1\DesignDemo\Catalog\ItemFeed\TC001_RegularItemCreation\Data\updated_setup\manageItem.xml</var>
<status status="PASS" start="2025-08-18T16:28:26.215182" elapsed="1.984464"/>
</iter>
<iter>
<kw name="Get File" owner="OperatingSystem">
<msg time="2025-08-18T16:28:28.200315" level="INFO" html="true">Getting file '&lt;a href="file://C:\automation\AllProjects\city-tech-engineering-qa-automation-690065fb73e1\SprintNew1\DesignDemo\Catalog\ItemFeed\TC001_RegularItemCreation\Data\updated_input\ProcessItemFeed1.xml"&gt;C:\automation\AllProjects\city-tech-engineering-qa-automation-690065fb73e1\SprintNew1\DesignDemo\Catalog\ItemFeed\TC001_RegularItemCreation\Data\updated_input\ProcessItemFeed1.xml&lt;/a&gt;'.</msg>
<msg time="2025-08-18T16:28:28.230100" level="INFO">${xml_content} = &lt;MultiApi&gt;
	&lt;API FlowName="CITYProcessItemFeed"&gt;
		&lt;Input&gt;
			&lt;ItemList&gt;
				&lt;Item Action="Manage" ItemGroupCode="PROD" ItemID="2820057" OrganizationCode="CT_Furniture_INC" UnitOfMeasure="EACH"&gt;
					...</msg>
<var>${xml_content}</var>
<arg>${xml_file}</arg>
<doc>Returns the contents of a specified file.</doc>
<status status="PASS" start="2025-08-18T16:28:28.200035" elapsed="0.030118"/>
</kw>
<kw name="Send XML File" owner="keywords">
<kw name="Invoke MultiApi by Sending Request" owner="keywords">
<kw name="Send Request to a post session" owner="keywords">
<kw name="Set Environment Variables" owner="keywords">
<kw name="Evaluate" owner="BuiltIn">
<msg time="2025-08-18T16:28:28.232228" level="INFO">${env_data} = {'URL': 'https://cityf-dev-1.oms.supply-chain.ibm.com/', 'USERNAME': 'admin', 'PASSWORD': 'password', 'CERTlOCATION': 'C://projects//city//tech//certificates//dev//dev.p12', 'CERTPASSWORD': 'a12345678...</msg>
<var>${env_data}</var>
<arg>env_variables.ENVIRONMENTS['${ENV}']</arg>
<arg>modules=env_variables</arg>
<doc>Evaluates the given expression in Python and returns the result.</doc>
<status status="PASS" start="2025-08-18T16:28:28.231752" elapsed="0.000533"/>
</kw>
<return>
<value>${env_data}</value>
<status status="PASS" start="2025-08-18T16:28:28.232404" elapsed="0.000070"/>
</return>
<msg time="2025-08-18T16:28:28.232683" level="INFO">${env_data} = {'URL': 'https://cityf-dev-1.oms.supply-chain.ibm.com/', 'USERNAME': 'admin', 'PASSWORD': 'password', 'CERTlOCATION': 'C://projects//city//tech//certificates//dev//dev.p12', 'CERTPASSWORD': 'a12345678...</msg>
<var>${env_data}</var>
<status status="PASS" start="2025-08-18T16:28:28.231389" elapsed="0.001327"/>
</kw>
<kw name="Extract Cert Key From P12" owner="certificates">
<msg time="2025-08-18T16:28:28.328232" level="INFO">Cert file path: C:\Users\003J2E~1\AppData\Local\Temp\tmp6_mm8p06
Key file path: C:\Users\003J2E~1\AppData\Local\Temp\tmpv6uybycm</msg>
<msg time="2025-08-18T16:28:28.328577" level="INFO">${cert_file} = C:\Users\003J2E~1\AppData\Local\Temp\tmp6_mm8p06</msg>
<msg time="2025-08-18T16:28:28.328646" level="INFO">${key_file} = C:\Users\003J2E~1\AppData\Local\Temp\tmpv6uybycm</msg>
<var>${cert_file}</var>
<var>${key_file}</var>
<arg>${env_data['CERTlOCATION']}</arg>
<arg>${env_data['CERTPASSWORD']}</arg>
<status status="PASS" start="2025-08-18T16:28:28.232955" elapsed="0.095727"/>
</kw>
<kw name="Create Secure Session With Client Cert" owner="sessionUtils">
<arg>dev</arg>
<arg>${env_data['URL']}</arg>
<arg>${cert_file}</arg>
<arg>${key_file}</arg>
<arg>${True}</arg>
<status status="PASS" start="2025-08-18T16:28:28.329036" elapsed="0.001712"/>
</kw>
<kw name="Create Dictionary" owner="BuiltIn">
<msg time="2025-08-18T16:28:28.335403" level="INFO">${params} = {'YFSEnvironment.progId': 'Test', 'InteropApiName': 'multiApi', 'ApiName': 'MultiApi', 'YFSEnvironment.userId': 'admin', 'YFSEnvironment.password': 'password', 'InteropApiData': '&lt;MultiApi&gt;\n\t&lt;API Fl...</msg>
<var>${params}</var>
<arg>YFSEnvironment.progId=Test</arg>
<arg>InteropApiName=multiApi</arg>
<arg>ApiName=MultiApi</arg>
<arg>YFSEnvironment.userId=${env_data['USERNAME']}</arg>
<arg>YFSEnvironment.password=${env_data['PASSWORD']}</arg>
<arg>InteropApiData=${xmlRequest}</arg>
<arg>timeout=30</arg>
<doc>Creates and returns a dictionary based on the given ``items``.</doc>
<status status="PASS" start="2025-08-18T16:28:28.331386" elapsed="0.004080"/>
</kw>
<kw name="POST On Session" owner="RequestsLibrary">
<msg time="2025-08-18T16:28:29.808579" level="INFO">POST Request : url=https://cityf-dev-1.oms.supply-chain.ibm.com/smcfs/interop/InteropHttpServlet?YFSEnvironment.progId=Test&amp;InteropApiName=multiApi&amp;ApiName=MultiApi&amp;YFSEnvironment.userId=admin&amp;YFSEnvironment.password=password&amp;InteropApiData=%3CMultiApi%3E%0A%09%3CAPI+FlowName%3D%22CITYProcessItemFeed%22%3E%0A%09%09%3CInput%3E%0A%09%09%09%3CItemList%3E%0A%09%09%09%09%3CItem+Action%3D%22Manage%22+ItemGroupCode%3D%22PROD%22+ItemID%3D%222820057%22+OrganizationCode%3D%22CT_Furniture_INC%22+UnitOfMeasure%3D%22EACH%22%3E%0A%09%09%09%09%09%3CExtn+ExtnIsOnlineAllowed%3D%22%22+ExtnSubstituteItem%3D%22%22+ExtnIsDiscontinued%3D%22N%22+%2F%3E%0A%09%09%09%09%09%3CPrimaryInformation+CostCurrency%3D%22USD%22+DefaultProductClass%3D%22GOOD%22+Description%3D%22the+edgartown-white-side-chair%22+ExtendedDescription%3D%22The+Coastal+charm+comes+at+a+very+affordable+price+with+the+Edgartown+collection.+A+crisp+finish%2C+clean+lines%2C+and+an+overall+relaxed+look+fills+your+dining+room+with+seaside+style.+The+side+chair+here+is+made+from+solid+wood%2C+featuring+a+diamond-slat+back+and+beautifully+crafted+legs+with+subtle+tapering+for+a+nod+to+timeless+design.%22+IsSubOnOrderAllowed%3D%22Y%22+IsReturnable%3D%22Y%22+ItemType%3D%22%22+KitCode%3D%22%22+ReturnWindow%3D%2215%22+ShortDescription%3D%22the+edgartown-white-side-chair%22+UnitCost%3D%2275.00%22+ImageID%3D%22S2204020504R00_FI_EDGAR_WHT_S_CHR.jpeg%22+ImageLabel%3D%22%22+ImageLocation%3D%22https%3A%2F%2Fembed.widencdn.net%2Fimg%2Fcityfurniture%2Feqyzxu3wr5%2F640px%2FS2204020504R00_FI_EDGAR_WHT_S_CHR.jpeg%3Fkeep%3Dc%26amp%3Bcrop%3Dno%26amp%3Bquality%3D80%26amp%3Bu%3Dm2xgp2%22+IsShippingAllowed%3D%22Y%22+IsDeliveryAllowed%3D%22Y%22+IsPickupAllowed%3D%22Y%22+BundleFulfillmentMode%3D%2201%22+TaxableFlag%3D%22Y%22+PrimarySupplier%3D%22%22+SizeCode%3D%22%22+UnitHeight%3D%2210%22+UnitHeightUOM%3D%22IN%22+UnitLength%3D%2210%22+UnitLengthUOM%3D%22IN%22+UnitWeight%3D%2210%22+UnitWeightUOM%3D%22LBS%22+UnitWidth%3D%2210%22+UnitWidthUOM%3D%22IN%22+Status%3D%223000%22+%2F%3E%0A%09%09%09%09%09%3CWMSItemAttributes+PackedHeight%3D%2210%22+PackedLength%3D%2210%22+PackedWidth%3D%2210%22+%2F%3E%0A%09%09%09%09%3C%2FItem%3E%0A%09%09%09%3C%2FItemList%3E%0A%09%09%3C%2FInput%3E%0A%09%3C%2FAPI%3E%0A%3C%2FMultiApi%3E&amp;timeout=30 
 path_url=/smcfs/interop/InteropHttpServlet?YFSEnvironment.progId=Test&amp;InteropApiName=multiApi&amp;ApiName=MultiApi&amp;YFSEnvironment.userId=admin&amp;YFSEnvironment.password=password&amp;InteropApiData=%3CMultiApi%3E%0A%09%3CAPI+FlowName%3D%22CITYProcessItemFeed%22%3E%0A%09%09%3CInput%3E%0A%09%09%09%3CItemList%3E%0A%09%09%09%09%3CItem+Action%3D%22Manage%22+ItemGroupCode%3D%22PROD%22+ItemID%3D%222820057%22+OrganizationCode%3D%22CT_Furniture_INC%22+UnitOfMeasure%3D%22EACH%22%3E%0A%09%09%09%09%09%3CExtn+ExtnIsOnlineAllowed%3D%22%22+ExtnSubstituteItem%3D%22%22+ExtnIsDiscontinued%3D%22N%22+%2F%3E%0A%09%09%09%09%09%3CPrimaryInformation+CostCurrency%3D%22USD%22+DefaultProductClass%3D%22GOOD%22+Description%3D%22the+edgartown-white-side-chair%22+ExtendedDescription%3D%22The+Coastal+charm+comes+at+a+very+affordable+price+with+the+Edgartown+collection.+A+crisp+finish%2C+clean+lines%2C+and+an+overall+relaxed+look+fills+your+dining+room+with+seaside+style.+The+side+chair+here+is+made+from+solid+wood%2C+featuring+a+diamond-slat+back+and+beautifully+crafted+legs+with+subtle+tapering+for+a+nod+to+timeless+design.%22+IsSubOnOrderAllowed%3D%22Y%22+IsReturnable%3D%22Y%22+ItemType%3D%22%22+KitCode%3D%22%22+ReturnWindow%3D%2215%22+ShortDescription%3D%22the+edgartown-white-side-chair%22+UnitCost%3D%2275.00%22+ImageID%3D%22S2204020504R00_FI_EDGAR_WHT_S_CHR.jpeg%22+ImageLabel%3D%22%22+ImageLocation%3D%22https%3A%2F%2Fembed.widencdn.net%2Fimg%2Fcityfurniture%2Feqyzxu3wr5%2F640px%2FS2204020504R00_FI_EDGAR_WHT_S_CHR.jpeg%3Fkeep%3Dc%26amp%3Bcrop%3Dno%26amp%3Bquality%3D80%26amp%3Bu%3Dm2xgp2%22+IsShippingAllowed%3D%22Y%22+IsDeliveryAllowed%3D%22Y%22+IsPickupAllowed%3D%22Y%22+BundleFulfillmentMode%3D%2201%22+TaxableFlag%3D%22Y%22+PrimarySupplier%3D%22%22+SizeCode%3D%22%22+UnitHeight%3D%2210%22+UnitHeightUOM%3D%22IN%22+UnitLength%3D%2210%22+UnitLengthUOM%3D%22IN%22+UnitWeight%3D%2210%22+UnitWeightUOM%3D%22LBS%22+UnitWidth%3D%2210%22+UnitWidthUOM%3D%22IN%22+Status%3D%223000%22+%2F%3E%0A%09%09%09%09%09%3CWMSItemAttributes+PackedHeight%3D%2210%22+PackedLength%3D%2210%22+PackedWidth%3D%2210%22+%2F%3E%0A%09%09%09%09%3C%2FItem%3E%0A%09%09%09%3C%2FItemList%3E%0A%09%09%3C%2FInput%3E%0A%09%3C%2FAPI%3E%0A%3C%2FMultiApi%3E&amp;timeout=30 
 headers={'User-Agent': 'python-requests/2.32.3', 'Accept-Encoding': 'gzip, deflate', 'Accept': '*/*', 'Connection': 'keep-alive', 'Content-Length': '0'} 
 body=None 
 </msg>
<msg time="2025-08-18T16:28:29.808717" level="INFO">POST Response : url=https://cityf-dev-1.oms.supply-chain.ibm.com/smcfs/interop/InteropHttpServlet?YFSEnvironment.progId=Test&amp;InteropApiName=multiApi&amp;ApiName=MultiApi&amp;YFSEnvironment.userId=admin&amp;YFSEnvironment.password=password&amp;InteropApiData=%3CMultiApi%3E%0A%09%3CAPI+FlowName%3D%22CITYProcessItemFeed%22%3E%0A%09%09%3CInput%3E%0A%09%09%09%3CItemList%3E%0A%09%09%09%09%3CItem+Action%3D%22Manage%22+ItemGroupCode%3D%22PROD%22+ItemID%3D%222820057%22+OrganizationCode%3D%22CT_Furniture_INC%22+UnitOfMeasure%3D%22EACH%22%3E%0A%09%09%09%09%09%3CExtn+ExtnIsOnlineAllowed%3D%22%22+ExtnSubstituteItem%3D%22%22+ExtnIsDiscontinued%3D%22N%22+%2F%3E%0A%09%09%09%09%09%3CPrimaryInformation+CostCurrency%3D%22USD%22+DefaultProductClass%3D%22GOOD%22+Description%3D%22the+edgartown-white-side-chair%22+ExtendedDescription%3D%22The+Coastal+charm+comes+at+a+very+affordable+price+with+the+Edgartown+collection.+A+crisp+finish%2C+clean+lines%2C+and+an+overall+relaxed+look+fills+your+dining+room+with+seaside+style.+The+side+chair+here+is+made+from+solid+wood%2C+featuring+a+diamond-slat+back+and+beautifully+crafted+legs+with+subtle+tapering+for+a+nod+to+timeless+design.%22+IsSubOnOrderAllowed%3D%22Y%22+IsReturnable%3D%22Y%22+ItemType%3D%22%22+KitCode%3D%22%22+ReturnWindow%3D%2215%22+ShortDescription%3D%22the+edgartown-white-side-chair%22+UnitCost%3D%2275.00%22+ImageID%3D%22S2204020504R00_FI_EDGAR_WHT_S_CHR.jpeg%22+ImageLabel%3D%22%22+ImageLocation%3D%22https%3A%2F%2Fembed.widencdn.net%2Fimg%2Fcityfurniture%2Feqyzxu3wr5%2F640px%2FS2204020504R00_FI_EDGAR_WHT_S_CHR.jpeg%3Fkeep%3Dc%26amp%3Bcrop%3Dno%26amp%3Bquality%3D80%26amp%3Bu%3Dm2xgp2%22+IsShippingAllowed%3D%22Y%22+IsDeliveryAllowed%3D%22Y%22+IsPickupAllowed%3D%22Y%22+BundleFulfillmentMode%3D%2201%22+TaxableFlag%3D%22Y%22+PrimarySupplier%3D%22%22+SizeCode%3D%22%22+UnitHeight%3D%2210%22+UnitHeightUOM%3D%22IN%22+UnitLength%3D%2210%22+UnitLengthUOM%3D%22IN%22+UnitWeight%3D%2210%22+UnitWeightUOM%3D%22LBS%22+UnitWidth%3D%2210%22+UnitWidthUOM%3D%22IN%22+Status%3D%223000%22+%2F%3E%0A%09%09%09%09%09%3CWMSItemAttributes+PackedHeight%3D%2210%22+PackedLength%3D%2210%22+PackedWidth%3D%2210%22+%2F%3E%0A%09%09%09%09%3C%2FItem%3E%0A%09%09%09%3C%2FItemList%3E%0A%09%09%3C%2FInput%3E%0A%09%3C%2FAPI%3E%0A%3C%2FMultiApi%3E&amp;timeout=30 
 status=200, reason=OK 
 headers={'x-frame-options': 'SAMEORIGIN', 'x-ua-compatible': 'IE=EmulateIE8', 'interopsentdata': 'true', 'content-type': 'text/xml; charset=UTF-8', 'content-language': 'en-US', 'vary': 'Accept-Encoding', 'content-encoding': 'gzip', 'set-cookie': 'JSESSIONID=0000prtd_MYbJj0MxuwBjzcSc2x:0b5dda71-ef6d-4f3d-9b31-ee7bb5bafd2a; Path=/smcfs; Secure; HttpOnly', 'date': 'Mon, 18 Aug 2025 10:58:30 GMT', 'expires': 'Thu, 01 Dec 1994 16:00:00 GMT', 'cache-control': 'no-cache="set-cookie, set-cookie2"', 'x-envoy-upstream-service-time': '681', 'server': 'istio-envoy', 'transfer-encoding': 'chunked'} 
 body=&lt;?xml version="1.0" encoding="UTF-8"?&gt;
&lt;MultiApi&gt;&lt;API Name=""&gt;&lt;Output&gt;&lt;ItemList&gt;
				&lt;Item Action="Manage" IsSerialTracked_OLD="N" ItemGroupCode="PROD" ItemID="2820057" OrganizationCode="CT_Furniture_INC" SIMOperation="AFTER_MODIFY_ITEM" Status_OLD="3000" UnitOfMeasure="EACH"&gt;
					&lt;Extn ExtnIsDiscontinued="N" ExtnIsOnlineAllowed="" ExtnSubstituteItem=""/&gt;
					&lt;PrimaryInformation BundleFulfillmentMode="01" CostCurrency="USD" DefaultProductClass="GOOD" Description="the edgartown-white-side-chair" ExtendedDescription="The Coastal charm comes at a very affordable price with the Edgartown collection. A crisp finish, clean lines, and an overall relaxed look fills your dining room with seaside style. The side chair here is made from solid wood, featuring a diamond-slat back and beautifully crafted legs with subtle tapering for a nod to timeless design." ImageID="S2204020504R00_FI_EDGAR_WHT_S_CHR.jpeg" ImageLabel="" ImageLocation="https://embed.widencdn.net/img/cityfurniture/eqyzxu3wr5/640px/S2204020504R00_FI_EDGAR_WHT_S_CHR.jpeg?keep=c&amp;amp;crop=no&amp;amp;quality=80&amp;amp;u=m2xgp2" IsDeliveryAllowed="Y" IsPickupAllowed="Y" IsReturnable="Y" IsShippingAllowed="Y" IsSubOnOrderAllowed="Y" ItemType="" KitCode="" PrimarySupplier="" ReturnWindow="15" ShortDescription="the edgartown-white-side-chair" SizeCode="" Status="3000" TaxableFlag="Y" UnitCost="75.00" UnitHeight="10" UnitHeightUOM="IN" UnitLength="10" UnitLengthUOM="IN" UnitWeight="10" UnitWeightUOM="LBS" UnitWidth="10" UnitWidthUOM="IN"/&gt;
					&lt;WMSItemAttributes PackedHeight="10" PackedLength="10" PackedWidth="10"/&gt;
				&lt;InventoryParameters IsSerialTracked="N"/&gt;&lt;ClassificationCodes/&gt;&lt;/Item&gt;
			&lt;/ItemList&gt;&lt;/Output&gt;&lt;/API&gt;&lt;/MultiApi&gt; 
 </msg>
<msg time="2025-08-18T16:28:29.809044" level="INFO">${resp} = &lt;Response [200]&gt;</msg>
<var>${resp}</var>
<arg>dev</arg>
<arg>${req_uri}</arg>
<arg>params=${params}</arg>
<doc>Sends a POST request on a previously created HTTP Session.</doc>
<status status="PASS" start="2025-08-18T16:28:28.335762" elapsed="1.473326"/>
</kw>
<kw name="Log" owner="BuiltIn">
<msg time="2025-08-18T16:28:29.810043" level="INFO">Request:&lt;MultiApi&gt;
	&lt;API FlowName="CITYProcessItemFeed"&gt;
		&lt;Input&gt;
			&lt;ItemList&gt;
				&lt;Item Action="Manage" ItemGroupCode="PROD" ItemID="2820057" OrganizationCode="CT_Furniture_INC" UnitOfMeasure="EACH"&gt;
					&lt;Extn ExtnIsOnlineAllowed="" ExtnSubstituteItem="" ExtnIsDiscontinued="N" /&gt;
					&lt;PrimaryInformation CostCurrency="USD" DefaultProductClass="GOOD" Description="the edgartown-white-side-chair" ExtendedDescription="The Coastal charm comes at a very affordable price with the Edgartown collection. A crisp finish, clean lines, and an overall relaxed look fills your dining room with seaside style. The side chair here is made from solid wood, featuring a diamond-slat back and beautifully crafted legs with subtle tapering for a nod to timeless design." IsSubOnOrderAllowed="Y" IsReturnable="Y" ItemType="" KitCode="" ReturnWindow="15" ShortDescription="the edgartown-white-side-chair" UnitCost="75.00" ImageID="S2204020504R00_FI_EDGAR_WHT_S_CHR.jpeg" ImageLabel="" ImageLocation="https://embed.widencdn.net/img/cityfurniture/eqyzxu3wr5/640px/S2204020504R00_FI_EDGAR_WHT_S_CHR.jpeg?keep=c&amp;amp;crop=no&amp;amp;quality=80&amp;amp;u=m2xgp2" IsShippingAllowed="Y" IsDeliveryAllowed="Y" IsPickupAllowed="Y" BundleFulfillmentMode="01" TaxableFlag="Y" PrimarySupplier="" SizeCode="" UnitHeight="10" UnitHeightUOM="IN" UnitLength="10" UnitLengthUOM="IN" UnitWeight="10" UnitWeightUOM="LBS" UnitWidth="10" UnitWidthUOM="IN" Status="3000" /&gt;
					&lt;WMSItemAttributes PackedHeight="10" PackedLength="10" PackedWidth="10" /&gt;
				&lt;/Item&gt;
			&lt;/ItemList&gt;
		&lt;/Input&gt;
	&lt;/API&gt;
&lt;/MultiApi&gt;</msg>
<arg>Request:${xmlRequest}</arg>
<doc>Logs the given message with the given level.</doc>
<status status="PASS" start="2025-08-18T16:28:29.809778" elapsed="0.000368"/>
</kw>
<kw name="Log" owner="BuiltIn">
<msg time="2025-08-18T16:28:29.810518" level="INFO">Response Status Code :&lt;Response [200]&gt;</msg>
<arg>Response Status Code :${resp}</arg>
<doc>Logs the given message with the given level.</doc>
<status status="PASS" start="2025-08-18T16:28:29.810349" elapsed="0.000229"/>
</kw>
<kw name="Log To Console" owner="BuiltIn">
<arg>${resp.headers['Content-Type']}</arg>
<doc>Logs the given message to the console.</doc>
<status status="PASS" start="2025-08-18T16:28:29.810753" elapsed="0.001080"/>
</kw>
<kw name="Log" owner="BuiltIn">
<msg time="2025-08-18T16:28:29.812611" level="INFO">Response XML:&lt;?xml version="1.0" encoding="UTF-8"?&gt;
&lt;MultiApi&gt;&lt;API Name=""&gt;&lt;Output&gt;&lt;ItemList&gt;
				&lt;Item Action="Manage" IsSerialTracked_OLD="N" ItemGroupCode="PROD" ItemID="2820057" OrganizationCode="CT_Furniture_INC" SIMOperation="AFTER_MODIFY_ITEM" Status_OLD="3000" UnitOfMeasure="EACH"&gt;
					&lt;Extn ExtnIsDiscontinued="N" ExtnIsOnlineAllowed="" ExtnSubstituteItem=""/&gt;
					&lt;PrimaryInformation BundleFulfillmentMode="01" CostCurrency="USD" DefaultProductClass="GOOD" Description="the edgartown-white-side-chair" ExtendedDescription="The Coastal charm comes at a very affordable price with the Edgartown collection. A crisp finish, clean lines, and an overall relaxed look fills your dining room with seaside style. The side chair here is made from solid wood, featuring a diamond-slat back and beautifully crafted legs with subtle tapering for a nod to timeless design." ImageID="S2204020504R00_FI_EDGAR_WHT_S_CHR.jpeg" ImageLabel="" ImageLocation="https://embed.widencdn.net/img/cityfurniture/eqyzxu3wr5/640px/S2204020504R00_FI_EDGAR_WHT_S_CHR.jpeg?keep=c&amp;amp;crop=no&amp;amp;quality=80&amp;amp;u=m2xgp2" IsDeliveryAllowed="Y" IsPickupAllowed="Y" IsReturnable="Y" IsShippingAllowed="Y" IsSubOnOrderAllowed="Y" ItemType="" KitCode="" PrimarySupplier="" ReturnWindow="15" ShortDescription="the edgartown-white-side-chair" SizeCode="" Status="3000" TaxableFlag="Y" UnitCost="75.00" UnitHeight="10" UnitHeightUOM="IN" UnitLength="10" UnitLengthUOM="IN" UnitWeight="10" UnitWeightUOM="LBS" UnitWidth="10" UnitWidthUOM="IN"/&gt;
					&lt;WMSItemAttributes PackedHeight="10" PackedLength="10" PackedWidth="10"/&gt;
				&lt;InventoryParameters IsSerialTracked="N"/&gt;&lt;ClassificationCodes/&gt;&lt;/Item&gt;
			&lt;/ItemList&gt;&lt;/Output&gt;&lt;/API&gt;&lt;/MultiApi&gt;</msg>
<arg>Response XML:${resp.content}</arg>
<doc>Logs the given message with the given level.</doc>
<status status="PASS" start="2025-08-18T16:28:29.812038" elapsed="0.000631"/>
</kw>
<return>
<value>${resp}</value>
<status status="PASS" start="2025-08-18T16:28:29.812724" elapsed="0.000039"/>
</return>
<msg time="2025-08-18T16:28:29.812877" level="INFO">${Resp} = &lt;Response [200]&gt;</msg>
<var>${Resp}</var>
<arg>${Req}</arg>
<status status="PASS" start="2025-08-18T16:28:28.231083" elapsed="1.581837"/>
</kw>
<kw name="Status Should Be" owner="RequestsLibrary">
<arg>200</arg>
<arg>${Resp}</arg>
<doc>Fails if response status code is different than the expected.</doc>
<status status="PASS" start="2025-08-18T16:28:29.813039" elapsed="0.000150"/>
</kw>
<return>
<value>${Resp}</value>
<status status="PASS" start="2025-08-18T16:28:29.813238" elapsed="0.000028"/>
</return>
<msg time="2025-08-18T16:28:29.813378" level="INFO">${resp} = &lt;Response [200]&gt;</msg>
<var>${resp}</var>
<arg>${xml_data}</arg>
<status status="PASS" start="2025-08-18T16:28:28.230778" elapsed="1.582622"/>
</kw>
<kw name="Log" owner="BuiltIn">
<msg time="2025-08-18T16:28:29.813684" level="INFO">req:&lt;MultiApi&gt;
	&lt;API FlowName="CITYProcessItemFeed"&gt;
		&lt;Input&gt;
			&lt;ItemList&gt;
				&lt;Item Action="Manage" ItemGroupCode="PROD" ItemID="2820057" OrganizationCode="CT_Furniture_INC" UnitOfMeasure="EACH"&gt;
					&lt;Extn ExtnIsOnlineAllowed="" ExtnSubstituteItem="" ExtnIsDiscontinued="N" /&gt;
					&lt;PrimaryInformation CostCurrency="USD" DefaultProductClass="GOOD" Description="the edgartown-white-side-chair" ExtendedDescription="The Coastal charm comes at a very affordable price with the Edgartown collection. A crisp finish, clean lines, and an overall relaxed look fills your dining room with seaside style. The side chair here is made from solid wood, featuring a diamond-slat back and beautifully crafted legs with subtle tapering for a nod to timeless design." IsSubOnOrderAllowed="Y" IsReturnable="Y" ItemType="" KitCode="" ReturnWindow="15" ShortDescription="the edgartown-white-side-chair" UnitCost="75.00" ImageID="S2204020504R00_FI_EDGAR_WHT_S_CHR.jpeg" ImageLabel="" ImageLocation="https://embed.widencdn.net/img/cityfurniture/eqyzxu3wr5/640px/S2204020504R00_FI_EDGAR_WHT_S_CHR.jpeg?keep=c&amp;amp;crop=no&amp;amp;quality=80&amp;amp;u=m2xgp2" IsShippingAllowed="Y" IsDeliveryAllowed="Y" IsPickupAllowed="Y" BundleFulfillmentMode="01" TaxableFlag="Y" PrimarySupplier="" SizeCode="" UnitHeight="10" UnitHeightUOM="IN" UnitLength="10" UnitLengthUOM="IN" UnitWeight="10" UnitWeightUOM="LBS" UnitWidth="10" UnitWidthUOM="IN" Status="3000" /&gt;
					&lt;WMSItemAttributes PackedHeight="10" PackedLength="10" PackedWidth="10" /&gt;
				&lt;/Item&gt;
			&lt;/ItemList&gt;
		&lt;/Input&gt;
	&lt;/API&gt;
&lt;/MultiApi&gt;</msg>
<arg>req:${xml_data}</arg>
<doc>Logs the given message with the given level.</doc>
<status status="PASS" start="2025-08-18T16:28:29.813530" elapsed="0.000215"/>
</kw>
<kw name="Log" owner="BuiltIn">
<msg time="2025-08-18T16:28:29.813986" level="INFO">resp:&lt;Response [200]&gt;</msg>
<arg>resp:${resp}</arg>
<doc>Logs the given message with the given level.</doc>
<status status="PASS" start="2025-08-18T16:28:29.813877" elapsed="0.000141"/>
</kw>
<kw name="Log To Console" owner="BuiltIn">
<arg>respContent:${resp.content}</arg>
<doc>Logs the given message to the console.</doc>
<status status="PASS" start="2025-08-18T16:28:29.814149" elapsed="0.000911"/>
</kw>
<kw name="Check for MapData" owner="keywords">
<kw name="Log" owner="BuiltIn">
<msg time="2025-08-18T16:28:29.816117" level="INFO">testcase:------------------C:\automation\AllProjects\city-tech-engineering-qa-automation-690065fb73e1\SprintNew1\DesignDemo\Catalog\ItemFeed\TC001_RegularItemCreation\Data\updated_input\ProcessItemFeed1.xml</msg>
<arg>testcase:------------------${xml_file}</arg>
<doc>Logs the given message with the given level.</doc>
<status status="PASS" start="2025-08-18T16:28:29.816022" elapsed="0.000133"/>
</kw>
<kw name="Execute XML" owner="keywords">
<kw name="Log" owner="BuiltIn">
<msg time="2025-08-18T16:28:29.816538" level="INFO">Executing XML: C:\automation\AllProjects\city-tech-engineering-qa-automation-690065fb73e1\SprintNew1\DesignDemo\Catalog\ItemFeed\TC001_RegularItemCreation\Data\updated_input\ProcessItemFeed1.xml</msg>
<arg>Executing XML: ${xml_file}</arg>
<doc>Logs the given message with the given level.</doc>
<status status="PASS" start="2025-08-18T16:28:29.816456" elapsed="0.000114"/>
</kw>
<kw name="Tc Folder" owner="script1">
<msg time="2025-08-18T16:28:29.816759" level="INFO">${folder_path} = C:\automation\AllProjects\city-tech-engineering-qa-automation-690065fb73e1\SprintNew1\DesignDemo\Catalog\ItemFeed\TC001_RegularItemCreation\Data</msg>
<var>${folder_path}</var>
<arg>${xml_file}</arg>
<status status="PASS" start="2025-08-18T16:28:29.816656" elapsed="0.000118"/>
</kw>
<return>
<value>${folder_path}</value>
<status status="PASS" start="2025-08-18T16:28:29.816807" elapsed="0.000023"/>
</return>
<msg time="2025-08-18T16:28:29.816913" level="INFO">${folder_path} = C:\automation\AllProjects\city-tech-engineering-qa-automation-690065fb73e1\SprintNew1\DesignDemo\Catalog\ItemFeed\TC001_RegularItemCreation\Data</msg>
<var>${folder_path}</var>
<arg>${xml_file}</arg>
<status status="PASS" start="2025-08-18T16:28:29.816268" elapsed="0.000692"/>
</kw>
<kw name="Check File Contains MapData" owner="script1">
<msg time="2025-08-18T16:28:29.817232" level="INFO">Checking filename: 'ProcessItemFeed1.xml' (raw)
ASCII Debug: [80, 114, 111, 99, 101, 115, 115, 73, 116, 101, 109, 70, 101, 101, 100, 49, 46, 120, 109, 108]
 'mapData' NOT found in filename!</msg>
<msg time="2025-08-18T16:28:29.817280" level="INFO">${mapDataflag} = False</msg>
<var>${mapDataflag}</var>
<arg>${xml_file}</arg>
<arg>mapdata</arg>
<doc>Check if the filename contains 'mapData' (case insensitive).</doc>
<status status="PASS" start="2025-08-18T16:28:29.817089" elapsed="0.000212"/>
</kw>
<kw name="Log To Console" owner="BuiltIn">
<arg>mapDataflag:${mapDataflag}</arg>
<doc>Logs the given message to the console.</doc>
<status status="PASS" start="2025-08-18T16:28:29.817419" elapsed="0.000259"/>
</kw>
<kw name="Log" owner="BuiltIn">
<msg time="2025-08-18T16:28:29.817949" level="INFO">mapDataflag:False</msg>
<arg>mapDataflag:${mapDataflag}</arg>
<doc>Logs the given message with the given level.</doc>
<status status="PASS" start="2025-08-18T16:28:29.817831" elapsed="0.000156"/>
</kw>
<kw name="Log" owner="BuiltIn">
<msg time="2025-08-18T16:28:29.818205" level="INFO">content:&lt;?xml version="1.0" encoding="UTF-8"?&gt;
&lt;MultiApi&gt;&lt;API Name=""&gt;&lt;Output&gt;&lt;ItemList&gt;
				&lt;Item Action="Manage" IsSerialTracked_OLD="N" ItemGroupCode="PROD" ItemID="2820057" OrganizationCode="CT_Furniture_INC" SIMOperation="AFTER_MODIFY_ITEM" Status_OLD="3000" UnitOfMeasure="EACH"&gt;
					&lt;Extn ExtnIsDiscontinued="N" ExtnIsOnlineAllowed="" ExtnSubstituteItem=""/&gt;
					&lt;PrimaryInformation BundleFulfillmentMode="01" CostCurrency="USD" DefaultProductClass="GOOD" Description="the edgartown-white-side-chair" ExtendedDescription="The Coastal charm comes at a very affordable price with the Edgartown collection. A crisp finish, clean lines, and an overall relaxed look fills your dining room with seaside style. The side chair here is made from solid wood, featuring a diamond-slat back and beautifully crafted legs with subtle tapering for a nod to timeless design." ImageID="S2204020504R00_FI_EDGAR_WHT_S_CHR.jpeg" ImageLabel="" ImageLocation="https://embed.widencdn.net/img/cityfurniture/eqyzxu3wr5/640px/S2204020504R00_FI_EDGAR_WHT_S_CHR.jpeg?keep=c&amp;amp;crop=no&amp;amp;quality=80&amp;amp;u=m2xgp2" IsDeliveryAllowed="Y" IsPickupAllowed="Y" IsReturnable="Y" IsShippingAllowed="Y" IsSubOnOrderAllowed="Y" ItemType="" KitCode="" PrimarySupplier="" ReturnWindow="15" ShortDescription="the edgartown-white-side-chair" SizeCode="" Status="3000" TaxableFlag="Y" UnitCost="75.00" UnitHeight="10" UnitHeightUOM="IN" UnitLength="10" UnitLengthUOM="IN" UnitWeight="10" UnitWeightUOM="LBS" UnitWidth="10" UnitWidthUOM="IN"/&gt;
					&lt;WMSItemAttributes PackedHeight="10" PackedLength="10" PackedWidth="10"/&gt;
				&lt;InventoryParameters IsSerialTracked="N"/&gt;&lt;ClassificationCodes/&gt;&lt;/Item&gt;
			&lt;/ItemList&gt;&lt;/Output&gt;&lt;/API&gt;&lt;/MultiApi&gt;</msg>
<arg>content:${resp.content}</arg>
<doc>Logs the given message with the given level.</doc>
<status status="PASS" start="2025-08-18T16:28:29.818097" elapsed="0.000165"/>
</kw>
<kw name="Log To Console" owner="BuiltIn">
<arg>mapdata content:${resp.content}</arg>
<doc>Logs the given message to the console.</doc>
<status status="PASS" start="2025-08-18T16:28:29.818368" elapsed="0.000482"/>
</kw>
<kw name="Check Flag If True" owner="script1">
<msg time="2025-08-18T16:28:29.819097" level="INFO">The flag is False</msg>
<msg time="2025-08-18T16:28:29.819152" level="INFO">${flag} = False</msg>
<var>${flag}</var>
<arg>${mapDataflag}</arg>
<status status="PASS" start="2025-08-18T16:28:29.818984" elapsed="0.000187"/>
</kw>
<kw name="Log" owner="BuiltIn">
<msg time="2025-08-18T16:28:29.819375" level="INFO">flag::::::::::::::::::::False</msg>
<arg>flag::::::::::::::::::::${flag}</arg>
<doc>Logs the given message with the given level.</doc>
<status status="PASS" start="2025-08-18T16:28:29.819279" elapsed="0.000131"/>
</kw>
<kw name="Log To Console" owner="BuiltIn">
<arg>mapdata flag :: flag::::::::::::::::::::${flag}</arg>
<doc>Logs the given message to the console.</doc>
<status status="PASS" start="2025-08-18T16:28:29.819507" elapsed="0.000308"/>
</kw>
<kw name="Get Base Filename" owner="generateRandomNumberAndReplaceAllXMLS">
<msg time="2025-08-18T16:28:29.820101" level="INFO">${file_name} = ProcessItemFeed</msg>
<var>${file_name}</var>
<arg>${xml_file}</arg>
<doc>Extract the base filename without numbers and extension.</doc>
<status status="PASS" start="2025-08-18T16:28:29.819949" elapsed="0.000175"/>
</kw>
<kw name="Run Keyword If" owner="BuiltIn">
<arg>${FLAG}</arg>
<arg>Fecth Response</arg>
<arg>${resp.content}</arg>
<arg>${folder_path}</arg>
<arg>${file_name}</arg>
<doc>Runs the given keyword with the given arguments, if ``condition`` is true.</doc>
<status status="PASS" start="2025-08-18T16:28:29.820241" elapsed="0.000090"/>
</kw>
<kw name="Get Data Flag" owner="keywords">
<kw name="Check File Contains MapData" owner="script1">
<msg time="2025-08-18T16:28:29.820867" level="INFO">Checking filename: 'ProcessItemFeed1.xml' (raw)
ASCII Debug: [80, 114, 111, 99, 101, 115, 115, 73, 116, 101, 109, 70, 101, 101, 100, 49, 46, 120, 109, 108]
 'mapData' NOT found in filename!</msg>
<msg time="2025-08-18T16:28:29.820921" level="INFO">${getDataflag} = False</msg>
<var>${getDataflag}</var>
<arg>${xml_file}</arg>
<arg>getdata</arg>
<doc>Check if the filename contains 'mapData' (case insensitive).</doc>
<status status="PASS" start="2025-08-18T16:28:29.820749" elapsed="0.000191"/>
</kw>
<kw name="Log" owner="BuiltIn">
<msg time="2025-08-18T16:28:29.821132" level="INFO">getDataflag:False</msg>
<arg>getDataflag:${getDataflag}</arg>
<doc>Logs the given message with the given level.</doc>
<status status="PASS" start="2025-08-18T16:28:29.821041" elapsed="0.000122"/>
</kw>
<kw name="Log To Console" owner="BuiltIn">
<arg>getDataflag:${getDataflag}</arg>
<doc>Logs the given message to the console.</doc>
<status status="PASS" start="2025-08-18T16:28:29.821255" elapsed="0.000350"/>
</kw>
<kw name="Log" owner="BuiltIn">
<msg time="2025-08-18T16:28:29.822057" level="INFO">content:&lt;?xml version="1.0" encoding="UTF-8"?&gt;
&lt;MultiApi&gt;&lt;API Name=""&gt;&lt;Output&gt;&lt;ItemList&gt;
				&lt;Item Action="Manage" IsSerialTracked_OLD="N" ItemGroupCode="PROD" ItemID="2820057" OrganizationCode="CT_Furniture_INC" SIMOperation="AFTER_MODIFY_ITEM" Status_OLD="3000" UnitOfMeasure="EACH"&gt;
					&lt;Extn ExtnIsDiscontinued="N" ExtnIsOnlineAllowed="" ExtnSubstituteItem=""/&gt;
					&lt;PrimaryInformation BundleFulfillmentMode="01" CostCurrency="USD" DefaultProductClass="GOOD" Description="the edgartown-white-side-chair" ExtendedDescription="The Coastal charm comes at a very affordable price with the Edgartown collection. A crisp finish, clean lines, and an overall relaxed look fills your dining room with seaside style. The side chair here is made from solid wood, featuring a diamond-slat back and beautifully crafted legs with subtle tapering for a nod to timeless design." ImageID="S2204020504R00_FI_EDGAR_WHT_S_CHR.jpeg" ImageLabel="" ImageLocation="https://embed.widencdn.net/img/cityfurniture/eqyzxu3wr5/640px/S2204020504R00_FI_EDGAR_WHT_S_CHR.jpeg?keep=c&amp;amp;crop=no&amp;amp;quality=80&amp;amp;u=m2xgp2" IsDeliveryAllowed="Y" IsPickupAllowed="Y" IsReturnable="Y" IsShippingAllowed="Y" IsSubOnOrderAllowed="Y" ItemType="" KitCode="" PrimarySupplier="" ReturnWindow="15" ShortDescription="the edgartown-white-side-chair" SizeCode="" Status="3000" TaxableFlag="Y" UnitCost="75.00" UnitHeight="10" UnitHeightUOM="IN" UnitLength="10" UnitLengthUOM="IN" UnitWeight="10" UnitWeightUOM="LBS" UnitWidth="10" UnitWidthUOM="IN"/&gt;
					&lt;WMSItemAttributes PackedHeight="10" PackedLength="10" PackedWidth="10"/&gt;
				&lt;InventoryParameters IsSerialTracked="N"/&gt;&lt;ClassificationCodes/&gt;&lt;/Item&gt;
			&lt;/ItemList&gt;&lt;/Output&gt;&lt;/API&gt;&lt;/MultiApi&gt;</msg>
<arg>content:${resp.content}</arg>
<doc>Logs the given message with the given level.</doc>
<status status="PASS" start="2025-08-18T16:28:29.821882" elapsed="0.000265"/>
</kw>
<kw name="Log To Console" owner="BuiltIn">
<arg>getDataflag content:${resp.content}</arg>
<doc>Logs the given message to the console.</doc>
<status status="PASS" start="2025-08-18T16:28:29.822300" elapsed="0.000434"/>
</kw>
<kw name="Check Flag If True" owner="script1">
<msg time="2025-08-18T16:28:29.823126" level="INFO">The flag is False</msg>
<msg time="2025-08-18T16:28:29.823212" level="INFO">${getflag} = False</msg>
<var>${getflag}</var>
<arg>${getDataflag}</arg>
<status status="PASS" start="2025-08-18T16:28:29.822947" elapsed="0.000293"/>
</kw>
<kw name="Log" owner="BuiltIn">
<msg time="2025-08-18T16:28:29.823564" level="INFO">getFlag:False</msg>
<arg>getFlag:${getflag}</arg>
<doc>Logs the given message with the given level.</doc>
<status status="PASS" start="2025-08-18T16:28:29.823401" elapsed="0.000224"/>
</kw>
<kw name="Log To Console" owner="BuiltIn">
<arg>getDataflag::::::::getFlag:${getDataflag}</arg>
<doc>Logs the given message to the console.</doc>
<status status="PASS" start="2025-08-18T16:28:29.823803" elapsed="0.000340"/>
</kw>
<kw name="Run Keyword If" owner="BuiltIn">
<msg time="2025-08-18T16:28:29.824419" level="INFO">${resp} = None</msg>
<var>${resp}</var>
<arg>${getflag}</arg>
<arg>Get Data Flag is true</arg>
<arg>${folder_path}</arg>
<arg>${resp.content}</arg>
<arg>${xml_file}</arg>
<doc>Runs the given keyword with the given arguments, if ``condition`` is true.</doc>
<status status="PASS" start="2025-08-18T16:28:29.824300" elapsed="0.000140"/>
</kw>
<return>
<value>${resp}</value>
<status status="PASS" start="2025-08-18T16:28:29.824494" elapsed="0.000047"/>
</return>
<arg>${folder_path}</arg>
<arg>${resp.content}</arg>
<arg>${xml_file}</arg>
<status status="PASS" start="2025-08-18T16:28:29.820482" elapsed="0.004138"/>
</kw>
<arg>${xml_data}</arg>
<arg>${resp.content}</arg>
<arg>${xml_file}</arg>
<status status="PASS" start="2025-08-18T16:28:29.815385" elapsed="0.009286"/>
</kw>
<kw name="Log To Console" owner="BuiltIn">
<arg>Entered Here last-3</arg>
<doc>Logs the given message to the console.</doc>
<status status="PASS" start="2025-08-18T16:28:29.824791" elapsed="0.000248"/>
</kw>
<kw name="Check for ValidateData" owner="keywords">
<kw name="Execute XML" owner="keywords">
<kw name="Log" owner="BuiltIn">
<msg time="2025-08-18T16:28:29.826627" level="INFO">Executing XML: C:\automation\AllProjects\city-tech-engineering-qa-automation-690065fb73e1\SprintNew1\DesignDemo\Catalog\ItemFeed\TC001_RegularItemCreation\Data\updated_input\ProcessItemFeed1.xml</msg>
<arg>Executing XML: ${xml_file}</arg>
<doc>Logs the given message with the given level.</doc>
<status status="PASS" start="2025-08-18T16:28:29.826520" elapsed="0.000150"/>
</kw>
<kw name="Tc Folder" owner="script1">
<msg time="2025-08-18T16:28:29.826896" level="INFO">${folder_path} = C:\automation\AllProjects\city-tech-engineering-qa-automation-690065fb73e1\SprintNew1\DesignDemo\Catalog\ItemFeed\TC001_RegularItemCreation\Data</msg>
<var>${folder_path}</var>
<arg>${xml_file}</arg>
<status status="PASS" start="2025-08-18T16:28:29.826790" elapsed="0.000125"/>
</kw>
<return>
<value>${folder_path}</value>
<status status="PASS" start="2025-08-18T16:28:29.826955" elapsed="0.000031"/>
</return>
<msg time="2025-08-18T16:28:29.827106" level="INFO">${folder_path} = C:\automation\AllProjects\city-tech-engineering-qa-automation-690065fb73e1\SprintNew1\DesignDemo\Catalog\ItemFeed\TC001_RegularItemCreation\Data</msg>
<var>${folder_path}</var>
<arg>${xml_file}</arg>
<status status="PASS" start="2025-08-18T16:28:29.826288" elapsed="0.000840"/>
</kw>
<kw name="Log To Console" owner="BuiltIn">
<arg>Folder Path:${folder_path} and XML File: ${xml_file}</arg>
<doc>Logs the given message to the console.</doc>
<status status="PASS" start="2025-08-18T16:28:29.827261" elapsed="0.000440"/>
</kw>
<kw name="Check File Contains MapData" owner="script1">
<msg time="2025-08-18T16:28:29.827972" level="INFO">Checking filename: 'ProcessItemFeed1.xml' (raw)
ASCII Debug: [80, 114, 111, 99, 101, 115, 115, 73, 116, 101, 109, 70, 101, 101, 100, 49, 46, 120, 109, 108]
 'mapData' NOT found in filename!</msg>
<msg time="2025-08-18T16:28:29.828027" level="INFO">${valDataflag} = False</msg>
<var>${valDataflag}</var>
<arg>${xml_file}</arg>
<arg>validatedata</arg>
<doc>Check if the filename contains 'mapData' (case insensitive).</doc>
<status status="PASS" start="2025-08-18T16:28:29.827847" elapsed="0.000197"/>
</kw>
<kw name="Log" owner="BuiltIn">
<msg time="2025-08-18T16:28:29.828241" level="INFO">mapDataflag:False</msg>
<arg>mapDataflag:${valDataflag}</arg>
<doc>Logs the given message with the given level.</doc>
<status status="PASS" start="2025-08-18T16:28:29.828144" elapsed="0.000128"/>
</kw>
<kw name="Log" owner="BuiltIn">
<msg time="2025-08-18T16:28:29.828448" level="INFO">content:&lt;?xml version="1.0" encoding="UTF-8"?&gt;
&lt;MultiApi&gt;&lt;API Name=""&gt;&lt;Output&gt;&lt;ItemList&gt;
				&lt;Item Action="Manage" IsSerialTracked_OLD="N" ItemGroupCode="PROD" ItemID="2820057" OrganizationCode="CT_Furniture_INC" SIMOperation="AFTER_MODIFY_ITEM" Status_OLD="3000" UnitOfMeasure="EACH"&gt;
					&lt;Extn ExtnIsDiscontinued="N" ExtnIsOnlineAllowed="" ExtnSubstituteItem=""/&gt;
					&lt;PrimaryInformation BundleFulfillmentMode="01" CostCurrency="USD" DefaultProductClass="GOOD" Description="the edgartown-white-side-chair" ExtendedDescription="The Coastal charm comes at a very affordable price with the Edgartown collection. A crisp finish, clean lines, and an overall relaxed look fills your dining room with seaside style. The side chair here is made from solid wood, featuring a diamond-slat back and beautifully crafted legs with subtle tapering for a nod to timeless design." ImageID="S2204020504R00_FI_EDGAR_WHT_S_CHR.jpeg" ImageLabel="" ImageLocation="https://embed.widencdn.net/img/cityfurniture/eqyzxu3wr5/640px/S2204020504R00_FI_EDGAR_WHT_S_CHR.jpeg?keep=c&amp;amp;crop=no&amp;amp;quality=80&amp;amp;u=m2xgp2" IsDeliveryAllowed="Y" IsPickupAllowed="Y" IsReturnable="Y" IsShippingAllowed="Y" IsSubOnOrderAllowed="Y" ItemType="" KitCode="" PrimarySupplier="" ReturnWindow="15" ShortDescription="the edgartown-white-side-chair" SizeCode="" Status="3000" TaxableFlag="Y" UnitCost="75.00" UnitHeight="10" UnitHeightUOM="IN" UnitLength="10" UnitLengthUOM="IN" UnitWeight="10" UnitWeightUOM="LBS" UnitWidth="10" UnitWidthUOM="IN"/&gt;
					&lt;WMSItemAttributes PackedHeight="10" PackedLength="10" PackedWidth="10"/&gt;
				&lt;InventoryParameters IsSerialTracked="N"/&gt;&lt;ClassificationCodes/&gt;&lt;/Item&gt;
			&lt;/ItemList&gt;&lt;/Output&gt;&lt;/API&gt;&lt;/MultiApi&gt;</msg>
<arg>content:${resp.content}</arg>
<doc>Logs the given message with the given level.</doc>
<status status="PASS" start="2025-08-18T16:28:29.828362" elapsed="0.000375"/>
</kw>
<kw name="Log To Console" owner="BuiltIn">
<arg>ValidateData content in valdata:${resp.content}</arg>
<doc>Logs the given message to the console.</doc>
<status status="PASS" start="2025-08-18T16:28:29.828884" elapsed="0.000520"/>
</kw>
<kw name="Log To Console" owner="BuiltIn">
<arg>mapDataflag:${valDataflag}</arg>
<doc>Logs the given message to the console.</doc>
<status status="PASS" start="2025-08-18T16:28:29.829589" elapsed="0.000320"/>
</kw>
<kw name="Log To Console" owner="BuiltIn">
<arg>Entered Here step last-1-i</arg>
<doc>Logs the given message to the console.</doc>
<status status="PASS" start="2025-08-18T16:28:29.830047" elapsed="0.000227"/>
</kw>
<kw name="Check Flag If True" owner="script1">
<msg time="2025-08-18T16:28:29.830496" level="INFO">The flag is False</msg>
[...]
<msg time="2025-08-18T16:28:31.986302" level="INFO">Checking filename: 'getItemListValidateData2.xml' (raw)
ASCII Debug: [103, 101, 116, 73, 116, 101, 109, 76, 105, 115, 116, 86, 97, 108, 105, 100, 97, 116, 101, 68, 97, 116, 97, 50, 46, 120, 109, 108]
 Found 'mapData' in filename!</msg>
<msg time="2025-08-18T16:28:31.986354" level="INFO">${valDataflag} = True</msg>
<var>${valDataflag}</var>
<arg>${xml_file}</arg>
<arg>validatedata</arg>
<doc>Check if the filename contains 'mapData' (case insensitive).</doc>
<status status="PASS" start="2025-08-18T16:28:31.986172" elapsed="0.000199"/>
</kw>
<kw name="Log" owner="BuiltIn">
<msg time="2025-08-18T16:28:31.986551" level="INFO">mapDataflag:True</msg>
<arg>mapDataflag:${valDataflag}</arg>
<doc>Logs the given message with the given level.</doc>
<status status="PASS" start="2025-08-18T16:28:31.986466" elapsed="0.000114"/>
</kw>
<kw name="Log" owner="BuiltIn">
<msg time="2025-08-18T16:28:31.986742" level="INFO">content:&lt;?xml version="1.0" encoding="UTF-8"?&gt;
&lt;MultiApi&gt;&lt;API Name="getItemDetails"&gt;&lt;Output&gt;&lt;Item CanUseAsServiceTool="N" GlobalItemID="" InheritAttributesFromClassification="Y" IsItemSuperseded="N" ItemGroupCode="PROD" ItemKey="202508180729204503646" OrganizationCode="CT_Furniture_INC" UnitOfMeasure="EACH"&gt;&lt;PrimaryInformation AllowGiftWrap="N" AssumeInfiniteInventory="N" BundleFulfillmentMode="01" BundlePricingStrategy="PARENT" CapacityPerOrderedQty="0.00" CapacityQuantityStrategy="" ComputedUnitCost="0.00" CostCurrency="USD" CountryOfOrigin="" CreditWOReceipt="N" DefaultProductClass="GOOD" Description="the edgartown-white-side-chair" DisplayItemDescription="the edgartown-white-side-chair" FixedCapacityQtyPerLine="0.00" FixedPricingQtyPerLine="0.00" ImageID="S2204020504R00_FI_EDGAR_WHT_S_CHR.jpeg" ImageLocation="https://embed.widencdn.net/img/cityfurniture/eqyzxu3wr5/640px/S2204020504R00_FI_EDGAR_WHT_S_CHR.jpeg?keep=c&amp;amp;crop=no&amp;amp;quality=80&amp;amp;u=m2xgp2" InvoiceBasedOnActuals="N" InvolvesSegmentChange="N" IsAirShippingAllowed="Y" IsDeliveryAllowed="Y" IsEligibleForShippingDiscount="Y" IsFreezerRequired="N" IsHazmat="N" IsParcelShippingAllowed="Y" IsPickupAllowed="Y" IsReturnService="N" IsReturnable="Y" IsShippingAllowed="Y" IsStandaloneService="" IsSubOnOrderAllowed="Y" IsValid="Y" ItemType="" KitCode="" ManufacturerItem="" ManufacturerItemDesc="" ManufacturerName="" MasterCatalogID="" MaxOrderQuantity="0.00" MaxReturnWindow="15" MinOrderQuantity="0.00" MinimumCapacityQuantity="0.00" NumSecondarySerials="0" OrderingQuantityStrategy="ENT" PricingQuantityConvFactor="0.00" PricingQuantityStrategy="" PricingUOM="" PricingUOMStrategy="" PrimaryEnterpriseCode="" PrimarySupplier="" ProductLine="" RequiresProdAssociation="N" ReturnWindow="15" RunQuantity="0.00" SerializedFlag="N" ServiceTypeID="" ShortDescription="the edgartown-white-side-chair" Status="3000" TaxableFlag="Y" UnitCost="75.00" UnitHeight="10.00" UnitHeightUOM="IN" UnitLength="10.00" UnitLengthUOM="IN" UnitVolume="1000.00" UnitVolumeUOM="CIN" UnitWeight="10.00" UnitWeightUOM="LBS" UnitWidth="10.00" UnitWidthUOM="IN"/&gt;&lt;InventoryParameters ATPRule="" AdvanceNotificationTime="0" DefaultExpirationDays="0" InventoryMonitorRule="" IsFifoTracked="N" IsItemBasedAllocationAllowed="Y" IsSerialTracked="N" LeadTime="0" MaximumNotificationTime="0.00" MinNotificationTime="0" NodeLevelInventoryMonitorRule="" ProcessingTime="0" TagControlFlag="N" TagReqAtReceipt="" TagReqAtShipment="" TimeSensitive="N" UseUnplannedInventory="N"/&gt;&lt;ClassificationCodes CommodityCode="" ECCNNo="" HarmonizedCode="" HazmatClass="" NAICSCode="" NMFCClass="" NMFCCode="" OperationalConfigurationComplete="N" PickingType="" PostingClassification="" Schedule_B_Code="" StorageType="" TaxProductCode="" UNSPSC="" VelocityCode=""/&gt;&lt;AssetList TotalNumberOfRecords="0"/&gt;&lt;ItemLocaleList TotalNumberOfRecords="0"/&gt;&lt;SafetyFactorDefinitions/&gt;&lt;ItemServiceSkillList/&gt;&lt;ItemAliasList/&gt;&lt;ItemExclusionList/&gt;&lt;AdditionalAttributeList/&gt;&lt;LanguageDescriptionList/&gt;&lt;Components/&gt;&lt;AlternateUOMList/&gt;&lt;ItemInstructionList/&gt;&lt;ItemOptionList/&gt;&lt;ItemServiceAssocList/&gt;&lt;ServiceActivities/&gt;&lt;CategoryList/&gt;&lt;ItemAttributeGroupTypeList/&gt;&lt;InheritedAttributes/&gt;&lt;ChildItemList/&gt;&lt;/Item&gt;&lt;/Output&gt;&lt;/API&gt;&lt;/MultiApi&gt;</msg>
<arg>content:${resp.content}</arg>
<doc>Logs the given message with the given level.</doc>
<status status="PASS" start="2025-08-18T16:28:31.986664" elapsed="0.000130"/>
</kw>
<kw name="Log To Console" owner="BuiltIn">
<arg>ValidateData content in valdata:${resp.content}</arg>
<doc>Logs the given message to the console.</doc>
<status status="PASS" start="2025-08-18T16:28:31.986876" elapsed="0.000592"/>
</kw>
<kw name="Log To Console" owner="BuiltIn">
<arg>mapDataflag:${valDataflag}</arg>
<doc>Logs the given message to the console.</doc>
<status status="PASS" start="2025-08-18T16:28:31.987563" elapsed="0.000354"/>
</kw>
<kw name="Log To Console" owner="BuiltIn">
<arg>Entered Here step last-1-i</arg>
<doc>Logs the given message to the console.</doc>
<status status="PASS" start="2025-08-18T16:28:31.988040" elapsed="0.000303"/>
</kw>
<kw name="Check Flag If True" owner="script1">
<msg time="2025-08-18T16:28:31.988544" level="INFO">The flag is True</msg>
<msg time="2025-08-18T16:28:31.988582" level="INFO">${valDataflag} = True</msg>
<var>${valDataflag}</var>
<arg>${valDataflag}</arg>
<status status="PASS" start="2025-08-18T16:28:31.988462" elapsed="0.000134"/>
</kw>
<kw name="Run Keyword If" owner="BuiltIn">
<kw name="Increment Index" owner="keywords">
<kw name="Evaluate" owner="BuiltIn">
<msg time="2025-08-18T16:28:31.989363" level="INFO">${index} = 1</msg>
<var>${index}</var>
<arg>${index} + 1</arg>
<doc>Evaluates the given expression in Python and returns the result.</doc>
<status status="PASS" start="2025-08-18T16:28:31.989214" elapsed="0.000167"/>
</kw>
<return>
<value>${index}</value>
<status status="PASS" start="2025-08-18T16:28:31.989423" elapsed="0.000030"/>
</return>
<arg>${index}</arg>
<status status="PASS" start="2025-08-18T16:28:31.988995" elapsed="0.000525"/>
</kw>
<msg time="2025-08-18T16:28:31.989582" level="INFO">${index} = 1</msg>
<var>${index}</var>
<arg>${valDataflag}</arg>
<arg>Increment Index</arg>
<arg>${index}</arg>
<doc>Runs the given keyword with the given arguments, if ``condition`` is true.</doc>
<status status="PASS" start="2025-08-18T16:28:31.988679" elapsed="0.000919"/>
</kw>
<kw name="Log To Console" owner="BuiltIn">
<arg>Entered Here step last-1-ii-ValDataFlag:${valDataflag}</arg>
<doc>Logs the given message to the console.</doc>
<status status="PASS" start="2025-08-18T16:28:31.989756" elapsed="0.000198"/>
</kw>
<kw name="Log To Console" owner="BuiltIn">
<arg>Entered Here step last-1-iii</arg>
<doc>Logs the given message to the console.</doc>
<status status="PASS" start="2025-08-18T16:28:31.990045" elapsed="0.000136"/>
</kw>
<kw name="Run Keyword If" owner="BuiltIn">
<kw name="Get Validate Data Flag is true and compare XML" owner="keywords">
<kw name="Log To Console" owner="BuiltIn">
<arg>Entered Here step last-i</arg>
<doc>Logs the given message to the console.</doc>
<status status="PASS" start="2025-08-18T16:28:31.990662" elapsed="0.000197"/>
</kw>
<kw name="Write Actual Result" owner="script1">
<msg time="2025-08-18T16:28:31.992059" level="INFO">${counter} = 1</msg>
<var>${counter}</var>
<arg>${resp.content}</arg>
<arg>${actualresult_foldername}</arg>
<arg>${folder_path}</arg>
<status status="PASS" start="2025-08-18T16:28:31.990985" elapsed="0.001106"/>
</kw>
<kw name="Log To Console" owner="BuiltIn">
<arg>Entered here step last-ii</arg>
<doc>Logs the given message to the console.</doc>
<status status="PASS" start="2025-08-18T16:28:31.992245" elapsed="0.000251"/>
</kw>
<kw name="Log To Console" owner="BuiltIn">
<arg>Get Validate Data Flag is true ::::::::counter:${counter}</arg>
<doc>Logs the given message to the console.</doc>
<status status="PASS" start="2025-08-18T16:28:31.992628" elapsed="0.000346"/>
</kw>
<kw name="Log To Console" owner="BuiltIn">
<arg>expectedResultFile:${folder_path}${expected_result_file}${counter}.xml</arg>
<doc>Logs the given message to the console.</doc>
<status status="PASS" start="2025-08-18T16:28:31.993083" elapsed="0.000298"/>
</kw>
<kw name="Log To Console" owner="BuiltIn">
<arg>${folder_path}${actual_result_file}${counter}.xml</arg>
<doc>Logs the given message to the console.</doc>
<status status="PASS" start="2025-08-18T16:28:31.993487" elapsed="0.000269"/>
</kw>
<kw name="Compare Expected and Actual XML Files By Removing Dynamic Keys" owner="keywords">
<kw name="Convert XML To String By Removing Dynamic Keys" owner="keywords">
<kw name="Read Xml From File" owner="prepare_content">
<msg time="2025-08-18T16:28:32.009763" level="INFO">${xmlRoot} = &lt;Element 'MultiApi' at 0x0000028582EEE570&gt;</msg>
<var>${xmlRoot}</var>
<arg>${xml_object}</arg>
<status status="PASS" start="2025-08-18T16:28:31.994316" elapsed="0.015493"/>
</kw>
<kw name="Xml To String" owner="prepare_content">
<msg time="2025-08-18T16:28:32.010416" level="INFO">${xml_str} = &lt;MultiApi&gt;
	&lt;API Name="getItemDetails"&gt;
		&lt;Output&gt;
			&lt;Item CanUseAsServiceTool="N" GlobalItemID="" InheritAttributesFromClassification="Y" IsItemSuperseded="N" ItemGroupCode="PROD" ItemKey="202506240...</msg>
<var>${xml_str}</var>
<arg>${xmlRoot}</arg>
<status status="PASS" start="2025-08-18T16:28:32.010034" elapsed="0.000410"/>
</kw>
<return>
<value>${xml_str}</value>
<status status="PASS" start="2025-08-18T16:28:32.010524" elapsed="0.000042"/>
</return>
<msg time="2025-08-18T16:28:32.010688" level="INFO">${expres} = &lt;MultiApi&gt;
	&lt;API Name="getItemDetails"&gt;
		&lt;Output&gt;
			&lt;Item CanUseAsServiceTool="N" GlobalItemID="" InheritAttributesFromClassification="Y" IsItemSuperseded="N" ItemGroupCode="PROD" ItemKey="202506240...</msg>
<var>${expres}</var>
<arg>${Expected_Result}</arg>
<status status="PASS" start="2025-08-18T16:28:31.994156" elapsed="0.016580"/>
</kw>
<kw name="Convert XML To String By Removing Dynamic Keys" owner="keywords">
<kw name="Read Xml From File" owner="prepare_content">
<msg time="2025-08-18T16:28:32.035337" level="INFO">${xmlRoot} = &lt;Element 'MultiApi' at 0x0000028582EEF560&gt;</msg>
<var>${xmlRoot}</var>
<arg>${xml_object}</arg>
<status status="PASS" start="2025-08-18T16:28:32.011123" elapsed="0.024282"/>
</kw>
<kw name="Xml To String" owner="prepare_content">
<msg time="2025-08-18T16:28:32.036438" level="INFO">${xml_str} = &lt;MultiApi&gt;&lt;API Name="getItemDetails"&gt;&lt;Output&gt;&lt;Item CanUseAsServiceTool="N" GlobalItemID="" InheritAttributesFromClassification="Y" IsItemSuperseded="N" ItemGroupCode="PROD" ItemKey="202508180729204503...</msg>
<var>${xml_str}</var>
<arg>${xmlRoot}</arg>
<status status="PASS" start="2025-08-18T16:28:32.035829" elapsed="0.000651"/>
</kw>
<return>
<value>${xml_str}</value>
<status status="PASS" start="2025-08-18T16:28:32.036639" elapsed="0.000055"/>
</return>
<msg time="2025-08-18T16:28:32.036869" level="INFO">${actres} = &lt;MultiApi&gt;&lt;API Name="getItemDetails"&gt;&lt;Output&gt;&lt;Item CanUseAsServiceTool="N" GlobalItemID="" InheritAttributesFromClassification="Y" IsItemSuperseded="N" ItemGroupCode="PROD" ItemKey="202508180729204503...</msg>
<var>${actres}</var>
<arg>${ActualResult}</arg>
<status status="PASS" start="2025-08-18T16:28:32.010882" elapsed="0.026033"/>
</kw>
<kw name="Normalize XML String By Removing Dynamic Keys" owner="keywords">
<kw name="Remove Dynamic Keys" owner="keywords">
<kw name="Replace Key" owner="prepare_content">
<msg time="2025-08-18T16:28:32.038666" level="INFO">${updated_xml} = &lt;MultiApi&gt;
	&lt;API Name="getItemDetails"&gt;
		&lt;Output&gt;
			&lt;Item CanUseAsServiceTool="N" GlobalItemID="" InheritAttributesFromClassification="Y" IsItemSuperseded="N" ItemGroupCode="PROD" ItemKey="XXXX" Org...</msg>
<var>${updated_xml}</var>
<arg>${xml}</arg>
<status status="PASS" start="2025-08-18T16:28:32.037848" elapsed="0.000870"/>
</kw>
<return>
<value>${updated_xml}</value>
<status status="PASS" start="2025-08-18T16:28:32.038788" elapsed="0.000046"/>
</return>
<msg time="2025-08-18T16:28:32.038980" level="INFO">${xml_string} = &lt;MultiApi&gt;
	&lt;API Name="getItemDetails"&gt;
		&lt;Output&gt;
			&lt;Item CanUseAsServiceTool="N" GlobalItemID="" InheritAttributesFromClassification="Y" IsItemSuperseded="N" ItemGroupCode="PROD" ItemKey="XXXX" Org...</msg>
<var>${xml_string}</var>
<arg>${xml}</arg>
<status status="PASS" start="2025-08-18T16:28:32.037482" elapsed="0.001532"/>
</kw>
<kw name="Normalize Xml" owner="prepare_content">
<msg time="2025-08-18T16:28:32.039486" level="INFO">${normalized} = &lt;MultiApi&gt;
  &lt;API Name="getItemDetails"&gt;
    &lt;Output&gt;
      &lt;Item CanUseAsServiceTool="N" GlobalItemID="" InheritAttributesFromClassification="Y" IsItemSuperseded="N" ItemGroupCode="PROD" ItemKey="XXX...</msg>
<var>${normalized}</var>
<arg>${xml_string}</arg>
<doc>Normalize XML by parsing, cleaning up and reserializing it to ignore irrelevant differences.</doc>
<status status="PASS" start="2025-08-18T16:28:32.039133" elapsed="0.000378"/>
</kw>
<return>
<value>${normalized}</value>
<status status="PASS" start="2025-08-18T16:28:32.039579" elapsed="0.000026"/>
</return>
<msg time="2025-08-18T16:28:32.039688" level="INFO">${normalized_expected_string} = &lt;MultiApi&gt;
  &lt;API Name="getItemDetails"&gt;
    &lt;Output&gt;
      &lt;Item CanUseAsServiceTool="N" GlobalItemID="" InheritAttributesFromClassification="Y" IsItemSuperseded="N" ItemGroupCode="PROD" ItemKey="XXX...</msg>
<var>${normalized_expected_string}</var>
<arg>${expres}</arg>
<status status="PASS" start="2025-08-18T16:28:32.037156" elapsed="0.002551"/>
</kw>
<kw name="Normalize XML String By Removing Dynamic Keys" owner="keywords">
<kw name="Remove Dynamic Keys" owner="keywords">
<kw name="Replace Key" owner="prepare_content">
<msg time="2025-08-18T16:28:32.040787" level="INFO">${updated_xml} = &lt;MultiApi&gt;&lt;API Name="getItemDetails"&gt;&lt;Output&gt;&lt;Item CanUseAsServiceTool="N" GlobalItemID="" InheritAttributesFromClassification="Y" IsItemSuperseded="N" ItemGroupCode="PROD" ItemKey="XXXX" Organization...</msg>
<var>${updated_xml}</var>
<arg>${xml}</arg>
<status status="PASS" start="2025-08-18T16:28:32.040236" elapsed="0.000592"/>
</kw>
<return>
<value>${updated_xml}</value>
<status status="PASS" start="2025-08-18T16:28:32.040955" elapsed="0.000034"/>
</return>
<msg time="2025-08-18T16:28:32.041120" level="INFO">${xml_string} = &lt;MultiApi&gt;&lt;API Name="getItemDetails"&gt;&lt;Output&gt;&lt;Item CanUseAsServiceTool="N" GlobalItemID="" InheritAttributesFromClassification="Y" IsItemSuperseded="N" ItemGroupCode="PROD" ItemKey="XXXX" Organization...</msg>
<var>${xml_string}</var>
<arg>${xml}</arg>
<status status="PASS" start="2025-08-18T16:28:32.039979" elapsed="0.001158"/>
</kw>
<kw name="Normalize Xml" owner="prepare_content">
<msg time="2025-08-18T16:28:32.041459" level="INFO">${normalized} = &lt;MultiApi&gt;
  &lt;API Name="getItemDetails"&gt;
    &lt;Output&gt;
      &lt;Item CanUseAsServiceTool="N" GlobalItemID="" InheritAttributesFromClassification="Y" IsItemSuperseded="N" ItemGroupCode="PROD" ItemKey="XXX...</msg>
<var>${normalized}</var>
<arg>${xml_string}</arg>
<doc>Normalize XML by parsing, cleaning up and reserializing it to ignore irrelevant differences.</doc>
<status status="PASS" start="2025-08-18T16:28:32.041241" elapsed="0.000238"/>
</kw>
<return>
<value>${normalized}</value>
<status status="PASS" start="2025-08-18T16:28:32.041538" elapsed="0.000022"/>
</return>
<msg time="2025-08-18T16:28:32.041635" level="INFO">${normalized_actual_string} = &lt;MultiApi&gt;
  &lt;API Name="getItemDetails"&gt;
    &lt;Output&gt;
      &lt;Item CanUseAsServiceTool="N" GlobalItemID="" InheritAttributesFromClassification="Y" IsItemSuperseded="N" ItemGroupCode="PROD" ItemKey="XXX...</msg>
<var>${normalized_actual_string}</var>
<arg>${actres}</arg>
<status status="PASS" start="2025-08-18T16:28:32.039813" elapsed="0.001840"/>
</kw>
<kw name="Should Be Equal As Strings" owner="BuiltIn">
<arg>${normalized_expected_string}</arg>
<arg>${normalized_actual_string}</arg>
<doc>Fails if objects are unequal after converting them to strings.</doc>
<status status="PASS" start="2025-08-18T16:28:32.041745" elapsed="0.000129"/>
</kw>
<arg>${folder_path}${expected_result_file}${counter}.xml</arg>
<arg>${folder_path}${actual_result_file}${counter}.xml</arg>
<status status="PASS" start="2025-08-18T16:28:31.993883" elapsed="0.048031"/>
</kw>
<arg>${folder_path}</arg>
<arg>${resp.content}</arg>
<arg>${xml_file}</arg>
<arg>${index}</arg>
<status status="PASS" start="2025-08-18T16:28:31.990441" elapsed="0.051508"/>
</kw>
<arg>${valDataflag}</arg>
<arg>Get Validate Data Flag Is True And Compare XML</arg>
<arg>${folder_path}</arg>
<arg>${resp.content}</arg>
<arg>${xml_file}</arg>
<arg>${index}</arg>
<doc>Runs the given keyword with the given arguments, if ``condition`` is true.</doc>
<status status="PASS" start="2025-08-18T16:28:31.990293" elapsed="0.051690"/>
</kw>
<arg>${resp.content}</arg>
<arg>${xml_file}</arg>
<arg>${index}</arg>
<status status="PASS" start="2025-08-18T16:28:31.984248" elapsed="0.057780"/>
</kw>
<return>
<value>${resp}</value>
<status status="PASS" start="2025-08-18T16:28:32.042060" elapsed="0.000017"/>
</return>
<msg time="2025-08-18T16:28:32.042159" level="INFO">${resp} = &lt;Response [200]&gt;</msg>
<var>${resp}</var>
<arg>${xml_content}</arg>
<arg>${xml_file}</arg>
<arg>${index}</arg>
<status status="PASS" start="2025-08-18T16:28:29.846959" elapsed="2.195216"/>
</kw>
<var name="${xml_file}">C:\automation\AllProjects\city-tech-engineering-qa-automation-690065fb73e1\SprintNew1\DesignDemo\Catalog\ItemFeed\TC001_RegularItemCreation\Data\updated_input\getItemListValidateData2.xml</var>
<status status="PASS" start="2025-08-18T16:28:29.832114" elapsed="2.210094"/>
</iter>
<var>${xml_file}</var>
<value>@{xml_files}</value>
<status status="PASS" start="2025-08-18T16:28:26.215100" elapsed="5.827144"/>
</for>
<var name="${test_case}">Data</var>
<status status="PASS" start="2025-08-18T16:28:26.214706" elapsed="5.827577"/>
</iter>
<var>${test_case}</var>
<value>@{data.keys()}</value>
<status status="PASS" start="2025-08-18T16:28:26.213998" elapsed="5.828312"/>
</for>
<return>
<value>${resp}</value>
<status status="PASS" start="2025-08-18T16:28:32.042356" elapsed="0.000017"/>
</return>
<arg>${CUR_DIR}</arg>
<arg>${folder}</arg>
<arg>${index}</arg>
<status status="PASS" start="2025-08-18T16:28:26.192657" elapsed="5.849769"/>
</kw>
<var name="${folder}">Data</var>
<status status="PASS" start="2025-08-18T16:28:26.192451" elapsed="5.850007"/>
</iter>
<var>${folder}</var>
<value>@{folders}</value>
<status status="PASS" start="2025-08-18T16:28:26.192302" elapsed="5.850182"/>
</for>
<doc>This test case validates the Create Regular Item</doc>
<tag>Catalog</tag>
<tag>REGRESSION</tag>
<status status="PASS" start="2025-08-18T16:28:26.098098" elapsed="5.944697"/>
</test>
<status status="PASS" start="2025-08-18T16:28:25.238372" elapsed="6.805456"/>
</suite>
<status status="PASS" start="2025-08-18T16:28:25.208863" elapsed="6.836267"/>
</suite>
<statistics>
<total>
<stat pass="1" fail="0" skip="0">All Tests</stat>
</total>
<tag>
<stat pass="1" fail="0" skip="0">Catalog</stat>
<stat pass="1" fail="0" skip="0">REGRESSION</stat>
</tag>
<suite>
<stat pass="1" fail="0" skip="0" id="s1" name="TC001 RegularItemCreation">TC001 RegularItemCreation</stat>
<stat pass="1" fail="0" skip="0" id="s1-s1" name="TC001">TC001 RegularItemCreation.TC001</stat>
</suite>
</statistics>
<errors>
<msg time="2025-08-18T16:28:25.318228" level="WARN">Imported library 'C:\automation\AllProjects\city-tech-engineering-qa-automation-690065fb73e1\Library\Scripts\env_variables.py' contains no keywords.</msg>
</errors>
</robot>
